#
# There is insufficient memory for the Java Runtime Environment to continue.
# Native memory allocation (mmap) failed to map 716177408 bytes for committing reserved memory.
# Possible reasons:
#   The system is out of physical RAM or swap space
#   In 32 bit mode, the process size limit was hit
# Possible solutions:
#   Reduce memory load on the system
#   Increase physical memory or swap space
#   Check if swap backing store is full
#   Use 64 bit Java on a 64 bit OS
#   Decrease Java heap size (-Xmx/-Xms)
#   Decrease number of Java threads
#   Decrease Java thread stack sizes (-Xss)
#   Set larger code cache with -XX:ReservedCodeCacheSize=
# This output file may be truncated or incomplete.
#
#  Out of Memory Error (os_linux.cpp:2640), pid=18144, tid=0x00007f28c6162700
#
# JRE version:  (8.0_144-b01) (build )
# Java VM: OpenJDK 64-Bit Server VM (25.144-b01 mixed mode linux-amd64 compressed oops)
# Core dump written. Default location: /home/daniil/workspace/scala/c/core or core.18144
#

---------------  T H R E A D  ---------------

Current thread (0x00007f28c0009800):  JavaThread "Unknown thread" [_thread_in_vm, id=18145, stack(0x00007f28c6063000,0x00007f28c6163000)]

Stack: [0x00007f28c6063000,0x00007f28c6163000],  sp=0x00007f28c61615a0,  free space=1017k
Native frames: (J=compiled Java code, j=interpreted, Vv=VM code, C=native code)
V  [libjvm.so+0xaa3d82]
V  [libjvm.so+0x4d85e7]
V  [libjvm.so+0x8e0be0]
V  [libjvm.so+0x8db29e]
V  [libjvm.so+0x95af06]
V  [libjvm.so+0x94b23c]
V  [libjvm.so+0x2b444e]
V  [libjvm.so+0x908251]
V  [libjvm.so+0xa6640a]
V  [libjvm.so+0xa666f5]
V  [libjvm.so+0x623f6f]
V  [libjvm.so+0xa49d5b]
V  [libjvm.so+0x6a3020]  JNI_CreateJavaVM+0x60
C  [libjli.so+0x2c53]
C  [libpthread.so.0+0x708c]  start_thread+0xdc


---------------  P R O C E S S  ---------------

Java Threads: ( => current thread )

Other Threads:

=>0x00007f28c0009800 (exited) JavaThread "Unknown thread" [_thread_in_vm, id=18145, stack(0x00007f28c6063000,0x00007f28c6163000)]

VM state:not at safepoint (not fully initialized)

VM Mutex/Monitor currently owned by a thread: None

GC Heap History (0 events):
No events

Deoptimization events (0 events):
No events

Internal exceptions (0 events):
No events

Events (0 events):
No events


Dynamic libraries:
eab00000-100000000 rw-p 00000000 00:00 0 
55c92cf02000-55c92cf03000 r-xp 00000000 08:02 10622554                   /usr/lib/jvm/java-8-openjdk/jre/bin/java
55c92d102000-55c92d103000 r--p 00000000 08:02 10622554                   /usr/lib/jvm/java-8-openjdk/jre/bin/java
55c92d103000-55c92d104000 rw-p 00001000 08:02 10622554                   /usr/lib/jvm/java-8-openjdk/jre/bin/java
55c92e100000-55c92e121000 rw-p 00000000 00:00 0                          [heap]
7f28b719d000-7f28b72f2000 ---p 00000000 00:00 0 
7f28b72f2000-7f28b73a8000 rw-p 00000000 00:00 0 
7f28b73a8000-7f28b759e000 ---p 00000000 00:00 0 
7f28b759e000-7f28b780e000 rwxp 00000000 00:00 0 
7f28b780e000-7f28bf59e000 ---p 00000000 00:00 0 
7f28bf59e000-7f28bf5a6000 r-xp 00000000 08:02 11016681                   /usr/lib/jvm/java-8-openjdk/jre/lib/amd64/libzip.so
7f28bf5a6000-7f28bf7a5000 ---p 00008000 08:02 11016681                   /usr/lib/jvm/java-8-openjdk/jre/lib/amd64/libzip.so
7f28bf7a5000-7f28bf7a6000 r--p 00007000 08:02 11016681                   /usr/lib/jvm/java-8-openjdk/jre/lib/amd64/libzip.so
7f28bf7a6000-7f28bf7a7000 rw-p 00008000 08:02 11016681                   /usr/lib/jvm/java-8-openjdk/jre/lib/amd64/libzip.so
7f28bf7a7000-7f28bf7b2000 r-xp 00000000 08:02 10487932                   /usr/lib/libnss_files-2.26.so
7f28bf7b2000-7f28bf9b1000 ---p 0000b000 08:02 10487932                   /usr/lib/libnss_files-2.26.so
7f28bf9b1000-7f28bf9b2000 r--p 0000a000 08:02 10487932                   /usr/lib/libnss_files-2.26.so
7f28bf9b2000-7f28bf9b3000 rw-p 0000b000 08:02 10487932                   /usr/lib/libnss_files-2.26.so
7f28bf9b3000-7f28bf9b9000 rw-p 00000000 00:00 0 
7f28bf9b9000-7f28bf9e7000 r-xp 00000000 08:02 11016661                   /usr/lib/jvm/java-8-openjdk/jre/lib/amd64/libjava.so
7f28bf9e7000-7f28bfbe6000 ---p 0002e000 08:02 11016661                   /usr/lib/jvm/java-8-openjdk/jre/lib/amd64/libjava.so
7f28bfbe6000-7f28bfbe7000 r--p 0002d000 08:02 11016661                   /usr/lib/jvm/java-8-openjdk/jre/lib/amd64/libjava.so
7f28bfbe7000-7f28bfbe9000 rw-p 0002e000 08:02 11016661                   /usr/lib/jvm/java-8-openjdk/jre/lib/amd64/libjava.so
7f28bfbe9000-7f28bfbf6000 r-xp 00000000 08:02 11016651                   /usr/lib/jvm/java-8-openjdk/jre/lib/amd64/libverify.so
7f28bfbf6000-7f28bfdf5000 ---p 0000d000 08:02 11016651                   /usr/lib/jvm/java-8-openjdk/jre/lib/amd64/libverify.so
7f28bfdf5000-7f28bfdf7000 r--p 0000c000 08:02 11016651                   /usr/lib/jvm/java-8-openjdk/jre/lib/amd64/libverify.so
7f28bfdf7000-7f28bfdf8000 rw-p 0000e000 08:02 11016651                   /usr/lib/jvm/java-8-openjdk/jre/lib/amd64/libverify.so
7f28bfdf8000-7f28bfdff000 r-xp 00000000 08:02 10487919                   /usr/lib/librt-2.26.so
7f28bfdff000-7f28bfffe000 ---p 00007000 08:02 10487919                   /usr/lib/librt-2.26.so
7f28bfffe000-7f28bffff000 r--p 00006000 08:02 10487919                   /usr/lib/librt-2.26.so
7f28bffff000-7f28c0000000 rw-p 00007000 08:02 10487919                   /usr/lib/librt-2.26.so
7f28c0000000-7f28c0032000 rw-p 00000000 00:00 0 
7f28c0032000-7f28c4000000 ---p 00000000 00:00 0 
7f28c4091000-7f28c41dc000 r-xp 00000000 08:02 10487924                   /usr/lib/libm-2.26.so
7f28c41dc000-7f28c43db000 ---p 0014b000 08:02 10487924                   /usr/lib/libm-2.26.so
7f28c43db000-7f28c43dc000 r--p 0014a000 08:02 10487924                   /usr/lib/libm-2.26.so
7f28c43dc000-7f28c43dd000 rw-p 0014b000 08:02 10487924                   /usr/lib/libm-2.26.so
7f28c43dd000-7f28c5080000 r-xp 00000000 08:02 11016687                   /usr/lib/jvm/java-8-openjdk/jre/lib/amd64/server/libjvm.so
7f28c5080000-7f28c5280000 ---p 00ca3000 08:02 11016687                   /usr/lib/jvm/java-8-openjdk/jre/lib/amd64/server/libjvm.so
7f28c5280000-7f28c5314000 r--p 00ca3000 08:02 11016687                   /usr/lib/jvm/java-8-openjdk/jre/lib/amd64/server/libjvm.so
7f28c5314000-7f28c533c000 rw-p 00d37000 08:02 11016687                   /usr/lib/jvm/java-8-openjdk/jre/lib/amd64/server/libjvm.so
7f28c533c000-7f28c536d000 rw-p 00000000 00:00 0 
7f28c536d000-7f28c551b000 r-xp 00000000 08:02 10487997                   /usr/lib/libc-2.26.so
7f28c551b000-7f28c571a000 ---p 001ae000 08:02 10487997                   /usr/lib/libc-2.26.so
7f28c571a000-7f28c571e000 r--p 001ad000 08:02 10487997                   /usr/lib/libc-2.26.so
7f28c571e000-7f28c5720000 rw-p 001b1000 08:02 10487997                   /usr/lib/libc-2.26.so
7f28c5720000-7f28c5724000 rw-p 00000000 00:00 0 
7f28c5724000-7f28c5727000 r-xp 00000000 08:02 10487927                   /usr/lib/libdl-2.26.so
7f28c5727000-7f28c5926000 ---p 00003000 08:02 10487927                   /usr/lib/libdl-2.26.so
7f28c5926000-7f28c5927000 r--p 00002000 08:02 10487927                   /usr/lib/libdl-2.26.so
7f28c5927000-7f28c5928000 rw-p 00003000 08:02 10487927                   /usr/lib/libdl-2.26.so
7f28c5928000-7f28c5936000 r-xp 00000000 08:02 11016690                   /usr/lib/jvm/java-8-openjdk/jre/lib/amd64/jli/libjli.so
7f28c5936000-7f28c5b35000 ---p 0000e000 08:02 11016690                   /usr/lib/jvm/java-8-openjdk/jre/lib/amd64/jli/libjli.so
7f28c5b35000-7f28c5b36000 r--p 0000d000 08:02 11016690                   /usr/lib/jvm/java-8-openjdk/jre/lib/amd64/jli/libjli.so
7f28c5b36000-7f28c5b37000 rw-p 0000e000 08:02 11016690                   /usr/lib/jvm/java-8-openjdk/jre/lib/amd64/jli/libjli.so
7f28c5b37000-7f28c5b4d000 r-xp 00000000 08:02 10498341                   /usr/lib/libz.so.1.2.11
7f28c5b4d000-7f28c5d4c000 ---p 00016000 08:02 10498341                   /usr/lib/libz.so.1.2.11
7f28c5d4c000-7f28c5d4d000 r--p 00015000 08:02 10498341                   /usr/lib/libz.so.1.2.11
7f28c5d4d000-7f28c5d4e000 rw-p 00016000 08:02 10498341                   /usr/lib/libz.so.1.2.11
7f28c5d4e000-7f28c5d67000 r-xp 00000000 08:02 10488017                   /usr/lib/libpthread-2.26.so
7f28c5d67000-7f28c5f66000 ---p 00019000 08:02 10488017                   /usr/lib/libpthread-2.26.so
7f28c5f66000-7f28c5f67000 r--p 00018000 08:02 10488017                   /usr/lib/libpthread-2.26.so
7f28c5f67000-7f28c5f68000 rw-p 00019000 08:02 10488017                   /usr/lib/libpthread-2.26.so
7f28c5f68000-7f28c5f6c000 rw-p 00000000 00:00 0 
7f28c5f6c000-7f28c5f91000 r-xp 00000000 08:02 10487998                   /usr/lib/ld-2.26.so
7f28c6062000-7f28c6063000 ---p 00000000 00:00 0 
7f28c6063000-7f28c6066000 ---p 00000000 00:00 0 
7f28c6066000-7f28c6167000 rw-p 00000000 00:00 0 
7f28c6186000-7f28c618e000 rw-s 00000000 00:24 317157                     /tmp/hsperfdata_daniil/18144
7f28c618e000-7f28c618f000 rw-p 00000000 00:00 0 
7f28c618f000-7f28c6190000 r--p 00000000 00:00 0 
7f28c6190000-7f28c6191000 r--p 00024000 08:02 10487998                   /usr/lib/ld-2.26.so
7f28c6191000-7f28c6192000 rw-p 00025000 08:02 10487998                   /usr/lib/ld-2.26.so
7f28c6192000-7f28c6193000 rw-p 00000000 00:00 0 
7ffdfcd04000-7ffdfcd25000 rw-p 00000000 00:00 0                          [stack]
7ffdfcdf2000-7ffdfcdf5000 r--p 00000000 00:00 0                          [vvar]
7ffdfcdf5000-7ffdfcdf7000 r-xp 00000000 00:00 0                          [vdso]
ffffffffff600000-ffffffffff601000 r-xp 00000000 00:00 0                  [vsyscall]

VM Arguments:
jvm_args: -Xms1024m -Xmx1024m -XX:ReservedCodeCacheSize=128m -XX:MaxMetaspaceSize=256m 
java_command: /usr/share/sbt/bin/sbt-launch.jar run
java_class_path (initial): /usr/share/sbt/bin/sbt-launch.jar
Launcher Type: SUN_STANDARD

Environment Variables:
PATH=/usr/local/sbin:/usr/local/bin:/usr/bin:/usr/lib/jvm/default/bin:/usr/bin/site_perl:/usr/bin/vendor_perl:/usr/bin/core_perl
SHELL=/bin/bash
DISPLAY=:1

Signal Handlers:
SIGSEGV: [libjvm.so+0xaa46c0], sa_mask[0]=11111111011111111101111111111110, sa_flags=SA_RESTART|SA_SIGINFO
SIGBUS: [libjvm.so+0xaa46c0], sa_mask[0]=11111111011111111101111111111110, sa_flags=SA_RESTART|SA_SIGINFO
SIGFPE: [libjvm.so+0x8dc3d0], sa_mask[0]=11111111011111111101111111111110, sa_flags=SA_RESTART|SA_SIGINFO
SIGPIPE: [libjvm.so+0x8dc3d0], sa_mask[0]=11111111011111111101111111111110, sa_flags=SA_RESTART|SA_SIGINFO
SIGXFSZ: [libjvm.so+0x8dc3d0], sa_mask[0]=11111111011111111101111111111110, sa_flags=SA_RESTART|SA_SIGINFO
SIGILL: [libjvm.so+0x8dc3d0], sa_mask[0]=11111111011111111101111111111110, sa_flags=SA_RESTART|SA_SIGINFO
SIGUSR1: SIG_DFL, sa_mask[0]=00000000000000000000000000000000, sa_flags=none
SIGUSR2: [libjvm.so+0x8dc280], sa_mask[0]=00000000000000000000000000000000, sa_flags=SA_RESTART|SA_SIGINFO
SIGHUP: SIG_DFL, sa_mask[0]=00000000000000000000000000000000, sa_flags=none
SIGINT: SIG_DFL, sa_mask[0]=00000000000000000000000000000000, sa_flags=none
SIGTERM: SIG_DFL, sa_mask[0]=00000000000000000000000000000000, sa_flags=none
SIGQUIT: SIG_DFL, sa_mask[0]=00000000000000000000000000000000, sa_flags=none


---------------  S Y S T E M  ---------------

OS:NAME="Arch Linux"
PRETTY_NAME="Arch Linux"
ID=arch
ID_LIKE=archlinux
ANSI_COLOR="0;36"
HOME_URL="https://www.archlinux.org/"
SUPPORT_URL="https://bbs.archlinux.org/"
BUG_REPORT_URL="https://bugs.archlinux.org/"

uname:Linux 4.14.17-1-lts #1 SMP Sat Feb 3 21:30:38 CET 2018 x86_64
libc:glibc 2.26 NPTL 2.26 
rlimit: STACK 8192k, CORE infinity, NPROC 30772, NOFILE 4096, AS infinity
load average:0.34 0.57 0.81

/proc/meminfo:
MemTotal:        7889628 kB
MemFree:          203208 kB
MemAvailable:     333440 kB
Buffers:           25472 kB
Cached:           611144 kB
SwapCached:         3972 kB
Active:          5722092 kB
Inactive:         985256 kB
Active(anon):    5566708 kB
Inactive(anon):   808660 kB
Active(file):     155384 kB
Inactive(file):   176596 kB
Unevictable:           0 kB
Mlocked:               0 kB
SwapTotal:       1577920 kB
SwapFree:            404 kB
Dirty:               256 kB
Writeback:             4 kB
AnonPages:       6066940 kB
Mapped:           125648 kB
Shmem:            304620 kB
Slab:              78448 kB
SReclaimable:      35020 kB
SUnreclaim:        43428 kB
KernelStack:       18820 kB
PageTables:        33292 kB
NFS_Unstable:          0 kB
Bounce:                0 kB
WritebackTmp:          0 kB
CommitLimit:     5522732 kB
Committed_AS:   19214972 kB
VmallocTotal:   34359738367 kB
VmallocUsed:           0 kB
VmallocChunk:          0 kB
HardwareCorrupted:     0 kB
AnonHugePages:   1468416 kB
ShmemHugePages:        0 kB
ShmemPmdMapped:        0 kB
HugePages_Total:       0
HugePages_Free:        0
HugePages_Rsvd:        0
HugePages_Surp:        0
Hugepagesize:       2048 kB
DirectMap4k:      209532 kB
DirectMap2M:     7895040 kB


CPU:total 4 (initial active 4) (2 cores per cpu, 2 threads per core) family 6 model 58 stepping 9, cmov, cx8, fxsr, mmx, sse, sse2, sse3, ssse3, sse4.1, sse4.2, popcnt, avx, aes, clmul, erms, ht, tsc, tscinvbit, tscinv

/proc/cpuinfo:
processor	: 0
vendor_id	: GenuineIntel
cpu family	: 6
model		: 58
model name	: Intel(R) Core(TM) i5-3427U CPU @ 1.80GHz
stepping	: 9
microcode	: 0x13
cpu MHz		: 1658.646
cache size	: 3072 KB
physical id	: 0
siblings	: 4
core id		: 0
cpu cores	: 2
apicid		: 0
initial apicid	: 0
fpu		: yes
fpu_exception	: yes
cpuid level	: 13
wp		: yes
flags		: fpu vme de pse tsc msr pae mce cx8 apic sep mtrr pge mca cmov pat pse36 clflush dts acpi mmx fxsr sse sse2 ss ht tm pbe syscall nx rdtscp lm constant_tsc arch_perfmon pebs bts rep_good nopl xtopology nonstop_tsc cpuid aperfmperf pni pclmulqdq dtes64 monitor ds_cpl vmx smx est tm2 ssse3 cx16 xtpr pdcm pcid sse4_1 sse4_2 x2apic popcnt tsc_deadline_timer aes xsave avx f16c rdrand lahf_lm cpuid_fault epb pti retpoline tpr_shadow vnmi flexpriority ept vpid fsgsbase smep erms xsaveopt dtherm ida arat pln pts
bugs		: cpu_meltdown spectre_v1 spectre_v2
bogomips	: 4589.63
clflush size	: 64
cache_alignment	: 64
address sizes	: 36 bits physical, 48 bits virtual
power management:

processor	: 1
vendor_id	: GenuineIntel
cpu family	: 6
model		: 58
model name	: Intel(R) Core(TM) i5-3427U CPU @ 1.80GHz
stepping	: 9
microcode	: 0x13
cpu MHz		: 1584.200
cache size	: 3072 KB
physical id	: 0
siblings	: 4
core id		: 0
cpu cores	: 2
apicid		: 1
initial apicid	: 1
fpu		: yes
fpu_exception	: yes
cpuid level	: 13
wp		: yes
flags		: fpu vme de pse tsc msr pae mce cx8 apic sep mtrr pge mca cmov pat pse36 clflush dts acpi mmx fxsr sse sse2 ss ht tm pbe syscall nx rdtscp lm constant_tsc arch_perfmon pebs bts rep_good nopl xtopology nonstop_tsc cpuid aperfmperf pni pclmulqdq dtes64 monitor ds_cpl vmx smx est tm2 ssse3 cx16 xtpr pdcm pcid sse4_1 sse4_2 x2apic popcnt tsc_deadline_timer aes xsave avx f16c rdrand lahf_lm cpuid_fault epb pti retpoline tpr_shadow vnmi flexpriority ept vpid fsgsbase smep erms xsaveopt dtherm ida arat pln pts
bugs		: cpu_meltdown spectre_v1 spectre_v2
bogomips	: 4589.63
clflush size	: 64
cache_alignment	: 64
address sizes	: 36 bits physical, 48 bits virtual
power management:

processor	: 2
vendor_id	: GenuineIntel
cpu family	: 6
model		: 58
model name	: Intel(R) Core(TM) i5-3427U CPU @ 1.80GHz
stepping	: 9
microcode	: 0x13
cpu MHz		: 2248.987
cache size	: 3072 KB
physical id	: 0
siblings	: 4
core id		: 1
cpu cores	: 2
apicid		: 2
initial apicid	: 2
fpu		: yes
fpu_exception	: yes
cpuid level	: 13
wp		: yes
flags		: fpu vme de pse tsc msr pae mce cx8 apic sep mtrr pge mca cmov pat pse36 clflush dts acpi mmx fxsr sse sse2 ss ht tm pbe syscall nx rdtscp lm constant_tsc arch_perfmon pebs bts rep_good nopl xtopology nonstop_tsc cpuid aperfmperf pni pclmulqdq dtes64 monitor ds_cpl vmx smx est tm2 ssse3 cx16 xtpr pdcm pcid sse4_1 sse4_2 x2apic popcnt tsc_deadline_timer aes xsave avx f16c rdrand lahf_lm cpuid_fault epb pti retpoline tpr_shadow vnmi flexpriority ept vpid fsgsbase smep erms xsaveopt dtherm ida arat pln pts
bugs		: cpu_meltdown spectre_v1 spectre_v2
bogomips	: 4589.63
clflush size	: 64
cache_alignment	: 64
address sizes	: 36 bits physical, 48 bits virtual
power management:

processor	: 3
vendor_id	: GenuineIntel
cpu family	: 6
model		: 58
model name	: Intel(R) Core(TM) i5-3427U CPU @ 1.80GHz
stepping	: 9
microcode	: 0x13
cpu MHz		: 2032.746
cache size	: 3072 KB
physical id	: 0
siblings	: 4
core id		: 1
cpu cores	: 2
apicid		: 3
initial apicid	: 3
fpu		: yes
fpu_exception	: yes
cpuid level	: 13
wp		: yes
flags		: fpu vme de pse tsc msr pae mce cx8 apic sep mtrr pge mca cmov pat pse36 clflush dts acpi mmx fxsr sse sse2 ss ht tm pbe syscall nx rdtscp lm constant_tsc arch_perfmon pebs bts rep_good nopl xtopology nonstop_tsc cpuid aperfmperf pni pclmulqdq dtes64 monitor ds_cpl vmx smx est tm2 ssse3 cx16 xtpr pdcm pcid sse4_1 sse4_2 x2apic popcnt tsc_deadline_timer aes xsave avx f16c rdrand lahf_lm cpuid_fault epb pti retpoline tpr_shadow vnmi flexpriority ept vpid fsgsbase smep erms xsaveopt dtherm ida arat pln pts
bugs		: cpu_meltdown spectre_v1 spectre_v2
bogomips	: 4589.63
clflush size	: 64
cache_alignment	: 64
address sizes	: 36 bits physical, 48 bits virtual
power management:



Memory: 4k page, physical 7889628k(203208k free), swap 1577920k(404k free)

vm_info: OpenJDK 64-Bit Server VM (25.144-b01) for linux-amd64 JRE (1.8.0_144-b01), built on Jul 28 2017 20:07:18 by "builduser" with gcc 7.1.1 20170630

time: Mon May  7 12:27:22 2018
elapsed time: 0 seconds (0d 0h 0m 0s)

