#
# There is insufficient memory for the Java Runtime Environment to continue.
# Native memory allocation (mmap) failed to map 357564416 bytes for committing reserved memory.
# Possible reasons:
#   The system is out of physical RAM or swap space
#   In 32 bit mode, the process size limit was hit
# Possible solutions:
#   Reduce memory load on the system
#   Increase physical memory or swap space
#   Check if swap backing store is full
#   Use 64 bit Java on a 64 bit OS
#   Decrease Java heap size (-Xmx/-Xms)
#   Decrease number of Java threads
#   Decrease Java thread stack sizes (-Xss)
#   Set larger code cache with -XX:ReservedCodeCacheSize=
# This output file may be truncated or incomplete.
#
#  Out of Memory Error (os_linux.cpp:2640), pid=5682, tid=0x00007f92bd756700
#
# JRE version:  (8.0_144-b01) (build )
# Java VM: OpenJDK 64-Bit Server VM (25.144-b01 mixed mode linux-amd64 compressed oops)
# Core dump written. Default location: /home/daniil/workspace/scala/c/core or core.5682
#

---------------  T H R E A D  ---------------

Current thread (0x00007f92b4009800):  JavaThread "Unknown thread" [_thread_in_vm, id=5683, stack(0x00007f92bd657000,0x00007f92bd757000)]

Stack: [0x00007f92bd657000,0x00007f92bd757000],  sp=0x00007f92bd7555b0,  free space=1017k
Native frames: (J=compiled Java code, j=interpreted, Vv=VM code, C=native code)
V  [libjvm.so+0xaa3d82]
V  [libjvm.so+0x4d85e7]
V  [libjvm.so+0x8e0be0]
V  [libjvm.so+0x8db29e]
V  [libjvm.so+0x95af06]
V  [libjvm.so+0x95cf56]
V  [libjvm.so+0x2b4414]
V  [libjvm.so+0x908251]
V  [libjvm.so+0xa6640a]
V  [libjvm.so+0xa666f5]
V  [libjvm.so+0x623f6f]
V  [libjvm.so+0xa49d5b]
V  [libjvm.so+0x6a3020]  JNI_CreateJavaVM+0x60
C  [libjli.so+0x2c53]
C  [libpthread.so.0+0x708c]  start_thread+0xdc


---------------  P R O C E S S  ---------------

Java Threads: ( => current thread )

Other Threads:

=>0x00007f92b4009800 (exited) JavaThread "Unknown thread" [_thread_in_vm, id=5683, stack(0x00007f92bd657000,0x00007f92bd757000)]

VM state:not at safepoint (not fully initialized)

VM Mutex/Monitor currently owned by a thread: None

GC Heap History (0 events):
No events

Deoptimization events (0 events):
No events

Internal exceptions (0 events):
No events

Events (0 events):
No events


Dynamic libraries:
c0000000-eab00000 ---p 00000000 00:00 0 
564b3a827000-564b3a828000 r-xp 00000000 08:02 10622554                   /usr/lib/jvm/java-8-openjdk/jre/bin/java
564b3aa27000-564b3aa28000 r--p 00000000 08:02 10622554                   /usr/lib/jvm/java-8-openjdk/jre/bin/java
564b3aa28000-564b3aa29000 rw-p 00001000 08:02 10622554                   /usr/lib/jvm/java-8-openjdk/jre/bin/java
564b3adcf000-564b3adf0000 rw-p 00000000 00:00 0                          [heap]
7f92ac000000-7f92ac270000 rwxp 00000000 00:00 0 
7f92ac270000-7f92b4000000 ---p 00000000 00:00 0 
7f92b4000000-7f92b4031000 rw-p 00000000 00:00 0 
7f92b4031000-7f92b8000000 ---p 00000000 00:00 0 
7f92ba822000-7f92baa22000 ---p 00000000 00:00 0 
7f92baa22000-7f92baa2d000 rw-p 00000000 00:00 0 
7f92baa2d000-7f92bac23000 ---p 00000000 00:00 0 
7f92bac23000-7f92bac2b000 r-xp 00000000 08:02 11016681                   /usr/lib/jvm/java-8-openjdk/jre/lib/amd64/libzip.so
7f92bac2b000-7f92bae2a000 ---p 00008000 08:02 11016681                   /usr/lib/jvm/java-8-openjdk/jre/lib/amd64/libzip.so
7f92bae2a000-7f92bae2b000 r--p 00007000 08:02 11016681                   /usr/lib/jvm/java-8-openjdk/jre/lib/amd64/libzip.so
7f92bae2b000-7f92bae2c000 rw-p 00008000 08:02 11016681                   /usr/lib/jvm/java-8-openjdk/jre/lib/amd64/libzip.so
7f92bae2c000-7f92bae37000 r-xp 00000000 08:02 10487932                   /usr/lib/libnss_files-2.26.so
7f92bae37000-7f92bb036000 ---p 0000b000 08:02 10487932                   /usr/lib/libnss_files-2.26.so
7f92bb036000-7f92bb037000 r--p 0000a000 08:02 10487932                   /usr/lib/libnss_files-2.26.so
7f92bb037000-7f92bb038000 rw-p 0000b000 08:02 10487932                   /usr/lib/libnss_files-2.26.so
7f92bb038000-7f92bb03e000 rw-p 00000000 00:00 0 
7f92bb03e000-7f92bb06c000 r-xp 00000000 08:02 11016661                   /usr/lib/jvm/java-8-openjdk/jre/lib/amd64/libjava.so
7f92bb06c000-7f92bb26b000 ---p 0002e000 08:02 11016661                   /usr/lib/jvm/java-8-openjdk/jre/lib/amd64/libjava.so
7f92bb26b000-7f92bb26c000 r--p 0002d000 08:02 11016661                   /usr/lib/jvm/java-8-openjdk/jre/lib/amd64/libjava.so
7f92bb26c000-7f92bb26e000 rw-p 0002e000 08:02 11016661                   /usr/lib/jvm/java-8-openjdk/jre/lib/amd64/libjava.so
7f92bb26e000-7f92bb27b000 r-xp 00000000 08:02 11016651                   /usr/lib/jvm/java-8-openjdk/jre/lib/amd64/libverify.so
7f92bb27b000-7f92bb47a000 ---p 0000d000 08:02 11016651                   /usr/lib/jvm/java-8-openjdk/jre/lib/amd64/libverify.so
7f92bb47a000-7f92bb47c000 r--p 0000c000 08:02 11016651                   /usr/lib/jvm/java-8-openjdk/jre/lib/amd64/libverify.so
7f92bb47c000-7f92bb47d000 rw-p 0000e000 08:02 11016651                   /usr/lib/jvm/java-8-openjdk/jre/lib/amd64/libverify.so
7f92bb47d000-7f92bb484000 r-xp 00000000 08:02 10487919                   /usr/lib/librt-2.26.so
7f92bb484000-7f92bb683000 ---p 00007000 08:02 10487919                   /usr/lib/librt-2.26.so
7f92bb683000-7f92bb684000 r--p 00006000 08:02 10487919                   /usr/lib/librt-2.26.so
7f92bb684000-7f92bb685000 rw-p 00007000 08:02 10487919                   /usr/lib/librt-2.26.so
7f92bb685000-7f92bb7d0000 r-xp 00000000 08:02 10487924                   /usr/lib/libm-2.26.so
7f92bb7d0000-7f92bb9cf000 ---p 0014b000 08:02 10487924                   /usr/lib/libm-2.26.so
7f92bb9cf000-7f92bb9d0000 r--p 0014a000 08:02 10487924                   /usr/lib/libm-2.26.so
7f92bb9d0000-7f92bb9d1000 rw-p 0014b000 08:02 10487924                   /usr/lib/libm-2.26.so
7f92bb9d1000-7f92bc674000 r-xp 00000000 08:02 11016687                   /usr/lib/jvm/java-8-openjdk/jre/lib/amd64/server/libjvm.so
7f92bc674000-7f92bc874000 ---p 00ca3000 08:02 11016687                   /usr/lib/jvm/java-8-openjdk/jre/lib/amd64/server/libjvm.so
7f92bc874000-7f92bc908000 r--p 00ca3000 08:02 11016687                   /usr/lib/jvm/java-8-openjdk/jre/lib/amd64/server/libjvm.so
7f92bc908000-7f92bc930000 rw-p 00d37000 08:02 11016687                   /usr/lib/jvm/java-8-openjdk/jre/lib/amd64/server/libjvm.so
7f92bc930000-7f92bc961000 rw-p 00000000 00:00 0 
7f92bc961000-7f92bcb0f000 r-xp 00000000 08:02 10487997                   /usr/lib/libc-2.26.so
7f92bcb0f000-7f92bcd0e000 ---p 001ae000 08:02 10487997                   /usr/lib/libc-2.26.so
7f92bcd0e000-7f92bcd12000 r--p 001ad000 08:02 10487997                   /usr/lib/libc-2.26.so
7f92bcd12000-7f92bcd14000 rw-p 001b1000 08:02 10487997                   /usr/lib/libc-2.26.so
7f92bcd14000-7f92bcd18000 rw-p 00000000 00:00 0 
7f92bcd18000-7f92bcd1b000 r-xp 00000000 08:02 10487927                   /usr/lib/libdl-2.26.so
7f92bcd1b000-7f92bcf1a000 ---p 00003000 08:02 10487927                   /usr/lib/libdl-2.26.so
7f92bcf1a000-7f92bcf1b000 r--p 00002000 08:02 10487927                   /usr/lib/libdl-2.26.so
7f92bcf1b000-7f92bcf1c000 rw-p 00003000 08:02 10487927                   /usr/lib/libdl-2.26.so
7f92bcf1c000-7f92bcf2a000 r-xp 00000000 08:02 11016690                   /usr/lib/jvm/java-8-openjdk/jre/lib/amd64/jli/libjli.so
7f92bcf2a000-7f92bd129000 ---p 0000e000 08:02 11016690                   /usr/lib/jvm/java-8-openjdk/jre/lib/amd64/jli/libjli.so
7f92bd129000-7f92bd12a000 r--p 0000d000 08:02 11016690                   /usr/lib/jvm/java-8-openjdk/jre/lib/amd64/jli/libjli.so
7f92bd12a000-7f92bd12b000 rw-p 0000e000 08:02 11016690                   /usr/lib/jvm/java-8-openjdk/jre/lib/amd64/jli/libjli.so
7f92bd12b000-7f92bd141000 r-xp 00000000 08:02 10498341                   /usr/lib/libz.so.1.2.11
7f92bd141000-7f92bd340000 ---p 00016000 08:02 10498341                   /usr/lib/libz.so.1.2.11
7f92bd340000-7f92bd341000 r--p 00015000 08:02 10498341                   /usr/lib/libz.so.1.2.11
7f92bd341000-7f92bd342000 rw-p 00016000 08:02 10498341                   /usr/lib/libz.so.1.2.11
7f92bd342000-7f92bd35b000 r-xp 00000000 08:02 10488017                   /usr/lib/libpthread-2.26.so
7f92bd35b000-7f92bd55a000 ---p 00019000 08:02 10488017                   /usr/lib/libpthread-2.26.so
7f92bd55a000-7f92bd55b000 r--p 00018000 08:02 10488017                   /usr/lib/libpthread-2.26.so
7f92bd55b000-7f92bd55c000 rw-p 00019000 08:02 10488017                   /usr/lib/libpthread-2.26.so
7f92bd55c000-7f92bd560000 rw-p 00000000 00:00 0 
7f92bd560000-7f92bd585000 r-xp 00000000 08:02 10487998                   /usr/lib/ld-2.26.so
7f92bd656000-7f92bd657000 ---p 00000000 00:00 0 
7f92bd657000-7f92bd65a000 ---p 00000000 00:00 0 
7f92bd65a000-7f92bd75b000 rw-p 00000000 00:00 0 
7f92bd77a000-7f92bd782000 rw-s 00000000 00:25 77644                      /tmp/hsperfdata_daniil/5682
7f92bd782000-7f92bd783000 rw-p 00000000 00:00 0 
7f92bd783000-7f92bd784000 r--p 00000000 00:00 0 
7f92bd784000-7f92bd785000 r--p 00024000 08:02 10487998                   /usr/lib/ld-2.26.so
7f92bd785000-7f92bd786000 rw-p 00025000 08:02 10487998                   /usr/lib/ld-2.26.so
7f92bd786000-7f92bd787000 rw-p 00000000 00:00 0 
7ffde2b1d000-7ffde2b3e000 rw-p 00000000 00:00 0                          [stack]
7ffde2b4a000-7ffde2b4d000 r--p 00000000 00:00 0                          [vvar]
7ffde2b4d000-7ffde2b4f000 r-xp 00000000 00:00 0                          [vdso]
ffffffffff600000-ffffffffff601000 r-xp 00000000 00:00 0                  [vsyscall]

VM Arguments:
jvm_args: -Xms1024m -Xmx1024m -XX:ReservedCodeCacheSize=128m -XX:MaxMetaspaceSize=256m 
java_command: /usr/share/sbt/bin/sbt-launch.jar run
java_class_path (initial): /usr/share/sbt/bin/sbt-launch.jar
Launcher Type: SUN_STANDARD

Environment Variables:
PATH=/usr/local/sbin:/usr/local/bin:/usr/bin:/usr/lib/jvm/default/bin:/usr/bin/site_perl:/usr/bin/vendor_perl:/usr/bin/core_perl
SHELL=/bin/bash
DISPLAY=:1

Signal Handlers:
SIGSEGV: [libjvm.so+0xaa46c0], sa_mask[0]=11111111011111111101111111111110, sa_flags=SA_RESTART|SA_SIGINFO
SIGBUS: [libjvm.so+0xaa46c0], sa_mask[0]=11111111011111111101111111111110, sa_flags=SA_RESTART|SA_SIGINFO
SIGFPE: [libjvm.so+0x8dc3d0], sa_mask[0]=11111111011111111101111111111110, sa_flags=SA_RESTART|SA_SIGINFO
SIGPIPE: [libjvm.so+0x8dc3d0], sa_mask[0]=11111111011111111101111111111110, sa_flags=SA_RESTART|SA_SIGINFO
SIGXFSZ: [libjvm.so+0x8dc3d0], sa_mask[0]=11111111011111111101111111111110, sa_flags=SA_RESTART|SA_SIGINFO
SIGILL: [libjvm.so+0x8dc3d0], sa_mask[0]=11111111011111111101111111111110, sa_flags=SA_RESTART|SA_SIGINFO
SIGUSR1: SIG_DFL, sa_mask[0]=00000000000000000000000000000000, sa_flags=none
SIGUSR2: [libjvm.so+0x8dc280], sa_mask[0]=00000000000000000000000000000000, sa_flags=SA_RESTART|SA_SIGINFO
SIGHUP: SIG_DFL, sa_mask[0]=00000000000000000000000000000000, sa_flags=none
SIGINT: SIG_DFL, sa_mask[0]=00000000000000000000000000000000, sa_flags=none
SIGTERM: SIG_DFL, sa_mask[0]=00000000000000000000000000000000, sa_flags=none
SIGQUIT: SIG_DFL, sa_mask[0]=00000000000000000000000000000000, sa_flags=none


---------------  S Y S T E M  ---------------

OS:NAME="Arch Linux"
PRETTY_NAME="Arch Linux"
ID=arch
ID_LIKE=archlinux
ANSI_COLOR="0;36"
HOME_URL="https://www.archlinux.org/"
SUPPORT_URL="https://bbs.archlinux.org/"
BUG_REPORT_URL="https://bugs.archlinux.org/"

uname:Linux 4.14.17-1-lts #1 SMP Sat Feb 3 21:30:38 CET 2018 x86_64
libc:glibc 2.26 NPTL 2.26 
rlimit: STACK 8192k, CORE infinity, NPROC 30772, NOFILE 4096, AS infinity
load average:1.71 1.40 1.05

/proc/meminfo:
MemTotal:        7889628 kB
MemFree:          139132 kB
MemAvailable:      90300 kB
Buffers:            2984 kB
Cached:          2270040 kB
SwapCached:            0 kB
Active:          5664104 kB
Inactive:        1296696 kB
Active(anon):    5603416 kB
Inactive(anon):  1218264 kB
Active(file):      60688 kB
Inactive(file):    78432 kB
Unevictable:           0 kB
Mlocked:               0 kB
SwapTotal:       1577920 kB
SwapFree:              0 kB
Dirty:               392 kB
Writeback:             0 kB
AnonPages:       4687948 kB
Mapped:           159532 kB
Shmem:           2147072 kB
Slab:              66236 kB
SReclaimable:      32960 kB
SUnreclaim:        33276 kB
KernelStack:        8192 kB
PageTables:        34480 kB
NFS_Unstable:          0 kB
Bounce:                0 kB
WritebackTmp:          0 kB
CommitLimit:     5522732 kB
Committed_AS:   11934684 kB
VmallocTotal:   34359738367 kB
VmallocUsed:           0 kB
VmallocChunk:          0 kB
HardwareCorrupted:     0 kB
AnonHugePages:   2564096 kB
ShmemHugePages:        0 kB
ShmemPmdMapped:        0 kB
HugePages_Total:       0
HugePages_Free:        0
HugePages_Rsvd:        0
HugePages_Surp:        0
Hugepagesize:       2048 kB
DirectMap4k:      139900 kB
DirectMap2M:     7964672 kB


CPU:total 4 (initial active 4) (2 cores per cpu, 2 threads per core) family 6 model 58 stepping 9, cmov, cx8, fxsr, mmx, sse, sse2, sse3, ssse3, sse4.1, sse4.2, popcnt, avx, aes, clmul, erms, ht, tsc, tscinvbit, tscinv

/proc/cpuinfo:
processor	: 0
vendor_id	: GenuineIntel
cpu family	: 6
model		: 58
model name	: Intel(R) Core(TM) i5-3427U CPU @ 1.80GHz
stepping	: 9
microcode	: 0x13
cpu MHz		: 2329.997
cache size	: 3072 KB
physical id	: 0
siblings	: 4
core id		: 0
cpu cores	: 2
apicid		: 0
initial apicid	: 0
fpu		: yes
fpu_exception	: yes
cpuid level	: 13
wp		: yes
flags		: fpu vme de pse tsc msr pae mce cx8 apic sep mtrr pge mca cmov pat pse36 clflush dts acpi mmx fxsr sse sse2 ss ht tm pbe syscall nx rdtscp lm constant_tsc arch_perfmon pebs bts rep_good nopl xtopology nonstop_tsc cpuid aperfmperf pni pclmulqdq dtes64 monitor ds_cpl vmx smx est tm2 ssse3 cx16 xtpr pdcm pcid sse4_1 sse4_2 x2apic popcnt tsc_deadline_timer aes xsave avx f16c rdrand lahf_lm cpuid_fault epb pti retpoline tpr_shadow vnmi flexpriority ept vpid fsgsbase smep erms xsaveopt dtherm ida arat pln pts
bugs		: cpu_meltdown spectre_v1 spectre_v2
bogomips	: 4589.21
clflush size	: 64
cache_alignment	: 64
address sizes	: 36 bits physical, 48 bits virtual
power management:

processor	: 1
vendor_id	: GenuineIntel
cpu family	: 6
model		: 58
model name	: Intel(R) Core(TM) i5-3427U CPU @ 1.80GHz
stepping	: 9
microcode	: 0x13
cpu MHz		: 1730.510
cache size	: 3072 KB
physical id	: 0
siblings	: 4
core id		: 0
cpu cores	: 2
apicid		: 1
initial apicid	: 1
fpu		: yes
fpu_exception	: yes
cpuid level	: 13
wp		: yes
flags		: fpu vme de pse tsc msr pae mce cx8 apic sep mtrr pge mca cmov pat pse36 clflush dts acpi mmx fxsr sse sse2 ss ht tm pbe syscall nx rdtscp lm constant_tsc arch_perfmon pebs bts rep_good nopl xtopology nonstop_tsc cpuid aperfmperf pni pclmulqdq dtes64 monitor ds_cpl vmx smx est tm2 ssse3 cx16 xtpr pdcm pcid sse4_1 sse4_2 x2apic popcnt tsc_deadline_timer aes xsave avx f16c rdrand lahf_lm cpuid_fault epb pti retpoline tpr_shadow vnmi flexpriority ept vpid fsgsbase smep erms xsaveopt dtherm ida arat pln pts
bugs		: cpu_meltdown spectre_v1 spectre_v2
bogomips	: 4589.21
clflush size	: 64
cache_alignment	: 64
address sizes	: 36 bits physical, 48 bits virtual
power management:

processor	: 2
vendor_id	: GenuineIntel
cpu family	: 6
model		: 58
model name	: Intel(R) Core(TM) i5-3427U CPU @ 1.80GHz
stepping	: 9
microcode	: 0x13
cpu MHz		: 2122.900
cache size	: 3072 KB
physical id	: 0
siblings	: 4
core id		: 1
cpu cores	: 2
apicid		: 2
initial apicid	: 2
fpu		: yes
fpu_exception	: yes
cpuid level	: 13
wp		: yes
flags		: fpu vme de pse tsc msr pae mce cx8 apic sep mtrr pge mca cmov pat pse36 clflush dts acpi mmx fxsr sse sse2 ss ht tm pbe syscall nx rdtscp lm constant_tsc arch_perfmon pebs bts rep_good nopl xtopology nonstop_tsc cpuid aperfmperf pni pclmulqdq dtes64 monitor ds_cpl vmx smx est tm2 ssse3 cx16 xtpr pdcm pcid sse4_1 sse4_2 x2apic popcnt tsc_deadline_timer aes xsave avx f16c rdrand lahf_lm cpuid_fault epb pti retpoline tpr_shadow vnmi flexpriority ept vpid fsgsbase smep erms xsaveopt dtherm ida arat pln pts
bugs		: cpu_meltdown spectre_v1 spectre_v2
bogomips	: 4589.21
clflush size	: 64
cache_alignment	: 64
address sizes	: 36 bits physical, 48 bits virtual
power management:

processor	: 3
vendor_id	: GenuineIntel
cpu family	: 6
model		: 58
model name	: Intel(R) Core(TM) i5-3427U CPU @ 1.80GHz
stepping	: 9
microcode	: 0x13
cpu MHz		: 2321.363
cache size	: 3072 KB
physical id	: 0
siblings	: 4
core id		: 1
cpu cores	: 2
apicid		: 3
initial apicid	: 3
fpu		: yes
fpu_exception	: yes
cpuid level	: 13
wp		: yes
flags		: fpu vme de pse tsc msr pae mce cx8 apic sep mtrr pge mca cmov pat pse36 clflush dts acpi mmx fxsr sse sse2 ss ht tm pbe syscall nx rdtscp lm constant_tsc arch_perfmon pebs bts rep_good nopl xtopology nonstop_tsc cpuid aperfmperf pni pclmulqdq dtes64 monitor ds_cpl vmx smx est tm2 ssse3 cx16 xtpr pdcm pcid sse4_1 sse4_2 x2apic popcnt tsc_deadline_timer aes xsave avx f16c rdrand lahf_lm cpuid_fault epb pti retpoline tpr_shadow vnmi flexpriority ept vpid fsgsbase smep erms xsaveopt dtherm ida arat pln pts
bugs		: cpu_meltdown spectre_v1 spectre_v2
bogomips	: 4589.21
clflush size	: 64
cache_alignment	: 64
address sizes	: 36 bits physical, 48 bits virtual
power management:



Memory: 4k page, physical 7889628k(139132k free), swap 1577920k(0k free)

vm_info: OpenJDK 64-Bit Server VM (25.144-b01) for linux-amd64 JRE (1.8.0_144-b01), built on Jul 28 2017 20:07:18 by "builduser" with gcc 7.1.1 20170630

time: Sun May  6 15:01:05 2018
elapsed time: 0 seconds (0d 0h 0m 0s)

