#
# There is insufficient memory for the Java Runtime Environment to continue.
# Native memory allocation (mmap) failed to map 716177408 bytes for committing reserved memory.
# Possible reasons:
#   The system is out of physical RAM or swap space
#   In 32 bit mode, the process size limit was hit
# Possible solutions:
#   Reduce memory load on the system
#   Increase physical memory or swap space
#   Check if swap backing store is full
#   Use 64 bit Java on a 64 bit OS
#   Decrease Java heap size (-Xmx/-Xms)
#   Decrease number of Java threads
#   Decrease Java thread stack sizes (-Xss)
#   Set larger code cache with -XX:ReservedCodeCacheSize=
# This output file may be truncated or incomplete.
#
#  Out of Memory Error (os_linux.cpp:2640), pid=6257, tid=0x00007f9cc1347700
#
# JRE version:  (8.0_144-b01) (build )
# Java VM: OpenJDK 64-Bit Server VM (25.144-b01 mixed mode linux-amd64 compressed oops)
# Core dump written. Default location: /home/daniil/workspace/scala/BitsCounterKafka/c/core or core.6257
#

---------------  T H R E A D  ---------------

Current thread (0x00007f9cb8009800):  JavaThread "Unknown thread" [_thread_in_vm, id=6258, stack(0x00007f9cc1248000,0x00007f9cc1348000)]

Stack: [0x00007f9cc1248000,0x00007f9cc1348000],  sp=0x00007f9cc13465a0,  free space=1017k
Native frames: (J=compiled Java code, j=interpreted, Vv=VM code, C=native code)
V  [libjvm.so+0xaa3d82]
V  [libjvm.so+0x4d85e7]
V  [libjvm.so+0x8e0be0]
V  [libjvm.so+0x8db29e]
V  [libjvm.so+0x95af06]
V  [libjvm.so+0x94b23c]
V  [libjvm.so+0x2b444e]
V  [libjvm.so+0x908251]
V  [libjvm.so+0xa6640a]
V  [libjvm.so+0xa666f5]
V  [libjvm.so+0x623f6f]
V  [libjvm.so+0xa49d5b]
V  [libjvm.so+0x6a3020]  JNI_CreateJavaVM+0x60
C  [libjli.so+0x2c53]
C  [libpthread.so.0+0x708c]  start_thread+0xdc


---------------  P R O C E S S  ---------------

Java Threads: ( => current thread )

Other Threads:

=>0x00007f9cb8009800 (exited) JavaThread "Unknown thread" [_thread_in_vm, id=6258, stack(0x00007f9cc1248000,0x00007f9cc1348000)]

VM state:not at safepoint (not fully initialized)

VM Mutex/Monitor currently owned by a thread: None

GC Heap History (0 events):
No events

Deoptimization events (0 events):
No events

Internal exceptions (0 events):
No events

Events (0 events):
No events


Dynamic libraries:
eab00000-100000000 rw-p 00000000 00:00 0 
564aaac16000-564aaac17000 r-xp 00000000 08:02 10622554                   /usr/lib/jvm/java-8-openjdk/jre/bin/java
564aaae16000-564aaae17000 r--p 00000000 08:02 10622554                   /usr/lib/jvm/java-8-openjdk/jre/bin/java
564aaae17000-564aaae18000 rw-p 00001000 08:02 10622554                   /usr/lib/jvm/java-8-openjdk/jre/bin/java
564aab0d5000-564aab0f6000 rw-p 00000000 00:00 0                          [heap]
7f9cb0000000-7f9cb0270000 rwxp 00000000 00:00 0 
7f9cb0270000-7f9cb8000000 ---p 00000000 00:00 0 
7f9cb8000000-7f9cb8032000 rw-p 00000000 00:00 0 
7f9cb8032000-7f9cbc000000 ---p 00000000 00:00 0 
7f9cbe414000-7f9cbe569000 ---p 00000000 00:00 0 
7f9cbe569000-7f9cbe61f000 rw-p 00000000 00:00 0 
7f9cbe61f000-7f9cbe815000 ---p 00000000 00:00 0 
7f9cbe815000-7f9cbe81d000 r-xp 00000000 08:02 11016681                   /usr/lib/jvm/java-8-openjdk/jre/lib/amd64/libzip.so
7f9cbe81d000-7f9cbea1c000 ---p 00008000 08:02 11016681                   /usr/lib/jvm/java-8-openjdk/jre/lib/amd64/libzip.so
7f9cbea1c000-7f9cbea1d000 r--p 00007000 08:02 11016681                   /usr/lib/jvm/java-8-openjdk/jre/lib/amd64/libzip.so
7f9cbea1d000-7f9cbea1e000 rw-p 00008000 08:02 11016681                   /usr/lib/jvm/java-8-openjdk/jre/lib/amd64/libzip.so
7f9cbea1e000-7f9cbea29000 r-xp 00000000 08:02 10487932                   /usr/lib/libnss_files-2.26.so
7f9cbea29000-7f9cbec28000 ---p 0000b000 08:02 10487932                   /usr/lib/libnss_files-2.26.so
7f9cbec28000-7f9cbec29000 r--p 0000a000 08:02 10487932                   /usr/lib/libnss_files-2.26.so
7f9cbec29000-7f9cbec2a000 rw-p 0000b000 08:02 10487932                   /usr/lib/libnss_files-2.26.so
7f9cbec2a000-7f9cbec30000 rw-p 00000000 00:00 0 
7f9cbec30000-7f9cbec5e000 r-xp 00000000 08:02 11016661                   /usr/lib/jvm/java-8-openjdk/jre/lib/amd64/libjava.so
7f9cbec5e000-7f9cbee5d000 ---p 0002e000 08:02 11016661                   /usr/lib/jvm/java-8-openjdk/jre/lib/amd64/libjava.so
7f9cbee5d000-7f9cbee5e000 r--p 0002d000 08:02 11016661                   /usr/lib/jvm/java-8-openjdk/jre/lib/amd64/libjava.so
7f9cbee5e000-7f9cbee60000 rw-p 0002e000 08:02 11016661                   /usr/lib/jvm/java-8-openjdk/jre/lib/amd64/libjava.so
7f9cbee60000-7f9cbee6d000 r-xp 00000000 08:02 11016651                   /usr/lib/jvm/java-8-openjdk/jre/lib/amd64/libverify.so
7f9cbee6d000-7f9cbf06c000 ---p 0000d000 08:02 11016651                   /usr/lib/jvm/java-8-openjdk/jre/lib/amd64/libverify.so
7f9cbf06c000-7f9cbf06e000 r--p 0000c000 08:02 11016651                   /usr/lib/jvm/java-8-openjdk/jre/lib/amd64/libverify.so
7f9cbf06e000-7f9cbf06f000 rw-p 0000e000 08:02 11016651                   /usr/lib/jvm/java-8-openjdk/jre/lib/amd64/libverify.so
7f9cbf06f000-7f9cbf076000 r-xp 00000000 08:02 10487919                   /usr/lib/librt-2.26.so
7f9cbf076000-7f9cbf275000 ---p 00007000 08:02 10487919                   /usr/lib/librt-2.26.so
7f9cbf275000-7f9cbf276000 r--p 00006000 08:02 10487919                   /usr/lib/librt-2.26.so
7f9cbf276000-7f9cbf277000 rw-p 00007000 08:02 10487919                   /usr/lib/librt-2.26.so
7f9cbf277000-7f9cbf3c2000 r-xp 00000000 08:02 10487924                   /usr/lib/libm-2.26.so
7f9cbf3c2000-7f9cbf5c1000 ---p 0014b000 08:02 10487924                   /usr/lib/libm-2.26.so
7f9cbf5c1000-7f9cbf5c2000 r--p 0014a000 08:02 10487924                   /usr/lib/libm-2.26.so
7f9cbf5c2000-7f9cbf5c3000 rw-p 0014b000 08:02 10487924                   /usr/lib/libm-2.26.so
7f9cbf5c3000-7f9cc0266000 r-xp 00000000 08:02 11016687                   /usr/lib/jvm/java-8-openjdk/jre/lib/amd64/server/libjvm.so
7f9cc0266000-7f9cc0466000 ---p 00ca3000 08:02 11016687                   /usr/lib/jvm/java-8-openjdk/jre/lib/amd64/server/libjvm.so
7f9cc0466000-7f9cc04fa000 r--p 00ca3000 08:02 11016687                   /usr/lib/jvm/java-8-openjdk/jre/lib/amd64/server/libjvm.so
7f9cc04fa000-7f9cc0522000 rw-p 00d37000 08:02 11016687                   /usr/lib/jvm/java-8-openjdk/jre/lib/amd64/server/libjvm.so
7f9cc0522000-7f9cc0553000 rw-p 00000000 00:00 0 
7f9cc0553000-7f9cc0701000 r-xp 00000000 08:02 10487997                   /usr/lib/libc-2.26.so
7f9cc0701000-7f9cc0900000 ---p 001ae000 08:02 10487997                   /usr/lib/libc-2.26.so
7f9cc0900000-7f9cc0904000 r--p 001ad000 08:02 10487997                   /usr/lib/libc-2.26.so
7f9cc0904000-7f9cc0906000 rw-p 001b1000 08:02 10487997                   /usr/lib/libc-2.26.so
7f9cc0906000-7f9cc090a000 rw-p 00000000 00:00 0 
7f9cc090a000-7f9cc090d000 r-xp 00000000 08:02 10487927                   /usr/lib/libdl-2.26.so
7f9cc090d000-7f9cc0b0c000 ---p 00003000 08:02 10487927                   /usr/lib/libdl-2.26.so
7f9cc0b0c000-7f9cc0b0d000 r--p 00002000 08:02 10487927                   /usr/lib/libdl-2.26.so
7f9cc0b0d000-7f9cc0b0e000 rw-p 00003000 08:02 10487927                   /usr/lib/libdl-2.26.so
7f9cc0b0e000-7f9cc0b1c000 r-xp 00000000 08:02 11016690                   /usr/lib/jvm/java-8-openjdk/jre/lib/amd64/jli/libjli.so
7f9cc0b1c000-7f9cc0d1b000 ---p 0000e000 08:02 11016690                   /usr/lib/jvm/java-8-openjdk/jre/lib/amd64/jli/libjli.so
7f9cc0d1b000-7f9cc0d1c000 r--p 0000d000 08:02 11016690                   /usr/lib/jvm/java-8-openjdk/jre/lib/amd64/jli/libjli.so
7f9cc0d1c000-7f9cc0d1d000 rw-p 0000e000 08:02 11016690                   /usr/lib/jvm/java-8-openjdk/jre/lib/amd64/jli/libjli.so
7f9cc0d1d000-7f9cc0d33000 r-xp 00000000 08:02 10498341                   /usr/lib/libz.so.1.2.11
7f9cc0d33000-7f9cc0f32000 ---p 00016000 08:02 10498341                   /usr/lib/libz.so.1.2.11
7f9cc0f32000-7f9cc0f33000 r--p 00015000 08:02 10498341                   /usr/lib/libz.so.1.2.11
7f9cc0f33000-7f9cc0f34000 rw-p 00016000 08:02 10498341                   /usr/lib/libz.so.1.2.11
7f9cc0f34000-7f9cc0f4d000 r-xp 00000000 08:02 10488017                   /usr/lib/libpthread-2.26.so
7f9cc0f4d000-7f9cc114c000 ---p 00019000 08:02 10488017                   /usr/lib/libpthread-2.26.so
7f9cc114c000-7f9cc114d000 r--p 00018000 08:02 10488017                   /usr/lib/libpthread-2.26.so
7f9cc114d000-7f9cc114e000 rw-p 00019000 08:02 10488017                   /usr/lib/libpthread-2.26.so
7f9cc114e000-7f9cc1152000 rw-p 00000000 00:00 0 
7f9cc1152000-7f9cc1177000 r-xp 00000000 08:02 10487998                   /usr/lib/ld-2.26.so
7f9cc1247000-7f9cc1248000 ---p 00000000 00:00 0 
7f9cc1248000-7f9cc124b000 ---p 00000000 00:00 0 
7f9cc124b000-7f9cc134c000 rw-p 00000000 00:00 0 
7f9cc136c000-7f9cc1374000 rw-s 00000000 00:24 129304                     /tmp/hsperfdata_daniil/6257
7f9cc1374000-7f9cc1375000 rw-p 00000000 00:00 0 
7f9cc1375000-7f9cc1376000 r--p 00000000 00:00 0 
7f9cc1376000-7f9cc1377000 r--p 00024000 08:02 10487998                   /usr/lib/ld-2.26.so
7f9cc1377000-7f9cc1378000 rw-p 00025000 08:02 10487998                   /usr/lib/ld-2.26.so
7f9cc1378000-7f9cc1379000 rw-p 00000000 00:00 0 
7ffd7af3b000-7ffd7af5c000 rw-p 00000000 00:00 0                          [stack]
7ffd7af93000-7ffd7af96000 r--p 00000000 00:00 0                          [vvar]
7ffd7af96000-7ffd7af98000 r-xp 00000000 00:00 0                          [vdso]
ffffffffff600000-ffffffffff601000 r-xp 00000000 00:00 0                  [vsyscall]

VM Arguments:
jvm_args: -Xms1024m -Xmx1024m -XX:ReservedCodeCacheSize=128m -XX:MaxMetaspaceSize=256m 
java_command: /usr/share/sbt/bin/sbt-launch.jar run
java_class_path (initial): /usr/share/sbt/bin/sbt-launch.jar
Launcher Type: SUN_STANDARD

Environment Variables:
PATH=/usr/local/sbin:/usr/local/bin:/usr/bin:/usr/lib/jvm/default/bin:/usr/bin/site_perl:/usr/bin/vendor_perl:/usr/bin/core_perl
SHELL=/bin/bash
DISPLAY=:1

Signal Handlers:
SIGSEGV: [libjvm.so+0xaa46c0], sa_mask[0]=11111111011111111101111111111110, sa_flags=SA_RESTART|SA_SIGINFO
SIGBUS: [libjvm.so+0xaa46c0], sa_mask[0]=11111111011111111101111111111110, sa_flags=SA_RESTART|SA_SIGINFO
SIGFPE: [libjvm.so+0x8dc3d0], sa_mask[0]=11111111011111111101111111111110, sa_flags=SA_RESTART|SA_SIGINFO
SIGPIPE: [libjvm.so+0x8dc3d0], sa_mask[0]=11111111011111111101111111111110, sa_flags=SA_RESTART|SA_SIGINFO
SIGXFSZ: [libjvm.so+0x8dc3d0], sa_mask[0]=11111111011111111101111111111110, sa_flags=SA_RESTART|SA_SIGINFO
SIGILL: [libjvm.so+0x8dc3d0], sa_mask[0]=11111111011111111101111111111110, sa_flags=SA_RESTART|SA_SIGINFO
SIGUSR1: SIG_DFL, sa_mask[0]=00000000000000000000000000000000, sa_flags=none
SIGUSR2: [libjvm.so+0x8dc280], sa_mask[0]=00000000000000000000000000000000, sa_flags=SA_RESTART|SA_SIGINFO
SIGHUP: SIG_DFL, sa_mask[0]=00000000000000000000000000000000, sa_flags=none
SIGINT: SIG_DFL, sa_mask[0]=00000000000000000000000000000000, sa_flags=none
SIGTERM: SIG_DFL, sa_mask[0]=00000000000000000000000000000000, sa_flags=none
SIGQUIT: SIG_DFL, sa_mask[0]=00000000000000000000000000000000, sa_flags=none


---------------  S Y S T E M  ---------------

OS:NAME="Arch Linux"
PRETTY_NAME="Arch Linux"
ID=arch
ID_LIKE=archlinux
ANSI_COLOR="0;36"
HOME_URL="https://www.archlinux.org/"
SUPPORT_URL="https://bbs.archlinux.org/"
BUG_REPORT_URL="https://bugs.archlinux.org/"

uname:Linux 4.14.17-1-lts #1 SMP Sat Feb 3 21:30:38 CET 2018 x86_64
libc:glibc 2.26 NPTL 2.26 
rlimit: STACK 8192k, CORE infinity, NPROC 30772, NOFILE 4096, AS infinity
load average:0.14 0.20 0.35

/proc/meminfo:
MemTotal:        7889632 kB
MemFree:          148952 kB
MemAvailable:     231076 kB
Buffers:           19836 kB
Cached:           479032 kB
SwapCached:        74828 kB
Active:          5938256 kB
Inactive:         935256 kB
Active(anon):    5774488 kB
Inactive(anon):   814044 kB
Active(file):     163768 kB
Inactive(file):   121212 kB
Unevictable:           0 kB
Mlocked:               0 kB
SwapTotal:       1577920 kB
SwapFree:         167616 kB
Dirty:                52 kB
Writeback:           132 kB
AnonPages:       6357904 kB
Mapped:           308604 kB
Shmem:            242160 kB
Slab:              82172 kB
SReclaimable:      32804 kB
SUnreclaim:        49368 kB
KernelStack:       21552 kB
PageTables:        72668 kB
NFS_Unstable:          0 kB
Bounce:                0 kB
WritebackTmp:          0 kB
CommitLimit:     5522736 kB
Committed_AS:   20575872 kB
VmallocTotal:   34359738367 kB
VmallocUsed:           0 kB
VmallocChunk:          0 kB
HardwareCorrupted:     0 kB
AnonHugePages:   2222080 kB
ShmemHugePages:        0 kB
ShmemPmdMapped:        0 kB
HugePages_Total:       0
HugePages_Free:        0
HugePages_Rsvd:        0
HugePages_Surp:        0
Hugepagesize:       2048 kB
DirectMap4k:      195196 kB
DirectMap2M:     7909376 kB


CPU:total 4 (initial active 4) (2 cores per cpu, 2 threads per core) family 6 model 58 stepping 9, cmov, cx8, fxsr, mmx, sse, sse2, sse3, ssse3, sse4.1, sse4.2, popcnt, avx, aes, clmul, erms, ht, tsc, tscinvbit, tscinv

/proc/cpuinfo:
processor	: 0
vendor_id	: GenuineIntel
cpu family	: 6
model		: 58
model name	: Intel(R) Core(TM) i5-3427U CPU @ 1.80GHz
stepping	: 9
microcode	: 0x13
cpu MHz		: 2594.103
cache size	: 3072 KB
physical id	: 0
siblings	: 4
core id		: 0
cpu cores	: 2
apicid		: 0
initial apicid	: 0
fpu		: yes
fpu_exception	: yes
cpuid level	: 13
wp		: yes
flags		: fpu vme de pse tsc msr pae mce cx8 apic sep mtrr pge mca cmov pat pse36 clflush dts acpi mmx fxsr sse sse2 ss ht tm pbe syscall nx rdtscp lm constant_tsc arch_perfmon pebs bts rep_good nopl xtopology nonstop_tsc cpuid aperfmperf pni pclmulqdq dtes64 monitor ds_cpl vmx smx est tm2 ssse3 cx16 xtpr pdcm pcid sse4_1 sse4_2 x2apic popcnt tsc_deadline_timer aes xsave avx f16c rdrand lahf_lm cpuid_fault epb pti retpoline tpr_shadow vnmi flexpriority ept vpid fsgsbase smep erms xsaveopt dtherm ida arat pln pts
bugs		: cpu_meltdown spectre_v1 spectre_v2
bogomips	: 4589.44
clflush size	: 64
cache_alignment	: 64
address sizes	: 36 bits physical, 48 bits virtual
power management:

processor	: 1
vendor_id	: GenuineIntel
cpu family	: 6
model		: 58
model name	: Intel(R) Core(TM) i5-3427U CPU @ 1.80GHz
stepping	: 9
microcode	: 0x13
cpu MHz		: 2594.261
cache size	: 3072 KB
physical id	: 0
siblings	: 4
core id		: 0
cpu cores	: 2
apicid		: 1
initial apicid	: 1
fpu		: yes
fpu_exception	: yes
cpuid level	: 13
wp		: yes
flags		: fpu vme de pse tsc msr pae mce cx8 apic sep mtrr pge mca cmov pat pse36 clflush dts acpi mmx fxsr sse sse2 ss ht tm pbe syscall nx rdtscp lm constant_tsc arch_perfmon pebs bts rep_good nopl xtopology nonstop_tsc cpuid aperfmperf pni pclmulqdq dtes64 monitor ds_cpl vmx smx est tm2 ssse3 cx16 xtpr pdcm pcid sse4_1 sse4_2 x2apic popcnt tsc_deadline_timer aes xsave avx f16c rdrand lahf_lm cpuid_fault epb pti retpoline tpr_shadow vnmi flexpriority ept vpid fsgsbase smep erms xsaveopt dtherm ida arat pln pts
bugs		: cpu_meltdown spectre_v1 spectre_v2
bogomips	: 4589.44
clflush size	: 64
cache_alignment	: 64
address sizes	: 36 bits physical, 48 bits virtual
power management:

processor	: 2
vendor_id	: GenuineIntel
cpu family	: 6
model		: 58
model name	: Intel(R) Core(TM) i5-3427U CPU @ 1.80GHz
stepping	: 9
microcode	: 0x13
cpu MHz		: 2771.467
cache size	: 3072 KB
physical id	: 0
siblings	: 4
core id		: 1
cpu cores	: 2
apicid		: 2
initial apicid	: 2
fpu		: yes
fpu_exception	: yes
cpuid level	: 13
wp		: yes
flags		: fpu vme de pse tsc msr pae mce cx8 apic sep mtrr pge mca cmov pat pse36 clflush dts acpi mmx fxsr sse sse2 ss ht tm pbe syscall nx rdtscp lm constant_tsc arch_perfmon pebs bts rep_good nopl xtopology nonstop_tsc cpuid aperfmperf pni pclmulqdq dtes64 monitor ds_cpl vmx smx est tm2 ssse3 cx16 xtpr pdcm pcid sse4_1 sse4_2 x2apic popcnt tsc_deadline_timer aes xsave avx f16c rdrand lahf_lm cpuid_fault epb pti retpoline tpr_shadow vnmi flexpriority ept vpid fsgsbase smep erms xsaveopt dtherm ida arat pln pts
bugs		: cpu_meltdown spectre_v1 spectre_v2
bogomips	: 4589.44
clflush size	: 64
cache_alignment	: 64
address sizes	: 36 bits physical, 48 bits virtual
power management:

processor	: 3
vendor_id	: GenuineIntel
cpu family	: 6
model		: 58
model name	: Intel(R) Core(TM) i5-3427U CPU @ 1.80GHz
stepping	: 9
microcode	: 0x13
cpu MHz		: 2722.186
cache size	: 3072 KB
physical id	: 0
siblings	: 4
core id		: 1
cpu cores	: 2
apicid		: 3
initial apicid	: 3
fpu		: yes
fpu_exception	: yes
cpuid level	: 13
wp		: yes
flags		: fpu vme de pse tsc msr pae mce cx8 apic sep mtrr pge mca cmov pat pse36 clflush dts acpi mmx fxsr sse sse2 ss ht tm pbe syscall nx rdtscp lm constant_tsc arch_perfmon pebs bts rep_good nopl xtopology nonstop_tsc cpuid aperfmperf pni pclmulqdq dtes64 monitor ds_cpl vmx smx est tm2 ssse3 cx16 xtpr pdcm pcid sse4_1 sse4_2 x2apic popcnt tsc_deadline_timer aes xsave avx f16c rdrand lahf_lm cpuid_fault epb pti retpoline tpr_shadow vnmi flexpriority ept vpid fsgsbase smep erms xsaveopt dtherm ida arat pln pts
bugs		: cpu_meltdown spectre_v1 spectre_v2
bogomips	: 4589.44
clflush size	: 64
cache_alignment	: 64
address sizes	: 36 bits physical, 48 bits virtual
power management:



Memory: 4k page, physical 7889632k(171136k free), swap 1577920k(145344k free)

vm_info: OpenJDK 64-Bit Server VM (25.144-b01) for linux-amd64 JRE (1.8.0_144-b01), built on Jul 28 2017 20:07:18 by "builduser" with gcc 7.1.1 20170630

time: Thu May 10 17:20:02 2018
elapsed time: 0 seconds (0d 0h 0m 0s)

