#
# There is insufficient memory for the Java Runtime Environment to continue.
# Native memory allocation (mmap) failed to map 716177408 bytes for committing reserved memory.
# Possible reasons:
#   The system is out of physical RAM or swap space
#   In 32 bit mode, the process size limit was hit
# Possible solutions:
#   Reduce memory load on the system
#   Increase physical memory or swap space
#   Check if swap backing store is full
#   Use 64 bit Java on a 64 bit OS
#   Decrease Java heap size (-Xmx/-Xms)
#   Decrease number of Java threads
#   Decrease Java thread stack sizes (-Xss)
#   Set larger code cache with -XX:ReservedCodeCacheSize=
# This output file may be truncated or incomplete.
#
#  Out of Memory Error (os_linux.cpp:2640), pid=7131, tid=0x00007f672d3bc700
#
# JRE version:  (8.0_144-b01) (build )
# Java VM: OpenJDK 64-Bit Server VM (25.144-b01 mixed mode linux-amd64 compressed oops)
# Core dump written. Default location: /home/daniil/workspace/scala/BitsCounterKafka/c/core or core.7131
#

---------------  T H R E A D  ---------------

Current thread (0x00007f6724009800):  JavaThread "Unknown thread" [_thread_in_vm, id=7132, stack(0x00007f672d2bd000,0x00007f672d3bd000)]

Stack: [0x00007f672d2bd000,0x00007f672d3bd000],  sp=0x00007f672d3bb5a0,  free space=1017k
Native frames: (J=compiled Java code, j=interpreted, Vv=VM code, C=native code)
V  [libjvm.so+0xaa3d82]
V  [libjvm.so+0x4d85e7]
V  [libjvm.so+0x8e0be0]
V  [libjvm.so+0x8db29e]
V  [libjvm.so+0x95af06]
V  [libjvm.so+0x94b23c]
V  [libjvm.so+0x2b444e]
V  [libjvm.so+0x908251]
V  [libjvm.so+0xa6640a]
V  [libjvm.so+0xa666f5]
V  [libjvm.so+0x623f6f]
V  [libjvm.so+0xa49d5b]
V  [libjvm.so+0x6a3020]  JNI_CreateJavaVM+0x60
C  [libjli.so+0x2c53]
C  [libpthread.so.0+0x708c]  start_thread+0xdc


---------------  P R O C E S S  ---------------

Java Threads: ( => current thread )

Other Threads:

=>0x00007f6724009800 (exited) JavaThread "Unknown thread" [_thread_in_vm, id=7132, stack(0x00007f672d2bd000,0x00007f672d3bd000)]

VM state:not at safepoint (not fully initialized)

VM Mutex/Monitor currently owned by a thread: None

GC Heap History (0 events):
No events

Deoptimization events (0 events):
No events

Internal exceptions (0 events):
No events

Events (0 events):
No events


Dynamic libraries:
eab00000-100000000 rw-p 00000000 00:00 0 
56516bffb000-56516bffc000 r-xp 00000000 08:02 10622554                   /usr/lib/jvm/java-8-openjdk/jre/bin/java
56516c1fb000-56516c1fc000 r--p 00000000 08:02 10622554                   /usr/lib/jvm/java-8-openjdk/jre/bin/java
56516c1fc000-56516c1fd000 rw-p 00001000 08:02 10622554                   /usr/lib/jvm/java-8-openjdk/jre/bin/java
56516d40d000-56516d42e000 rw-p 00000000 00:00 0                          [heap]
7f671c000000-7f671c270000 rwxp 00000000 00:00 0 
7f671c270000-7f6724000000 ---p 00000000 00:00 0 
7f6724000000-7f6724032000 rw-p 00000000 00:00 0 
7f6724032000-7f6728000000 ---p 00000000 00:00 0 
7f672a489000-7f672a5de000 ---p 00000000 00:00 0 
7f672a5de000-7f672a694000 rw-p 00000000 00:00 0 
7f672a694000-7f672a88a000 ---p 00000000 00:00 0 
7f672a88a000-7f672a892000 r-xp 00000000 08:02 11016681                   /usr/lib/jvm/java-8-openjdk/jre/lib/amd64/libzip.so
7f672a892000-7f672aa91000 ---p 00008000 08:02 11016681                   /usr/lib/jvm/java-8-openjdk/jre/lib/amd64/libzip.so
7f672aa91000-7f672aa92000 r--p 00007000 08:02 11016681                   /usr/lib/jvm/java-8-openjdk/jre/lib/amd64/libzip.so
7f672aa92000-7f672aa93000 rw-p 00008000 08:02 11016681                   /usr/lib/jvm/java-8-openjdk/jre/lib/amd64/libzip.so
7f672aa93000-7f672aa9e000 r-xp 00000000 08:02 10487932                   /usr/lib/libnss_files-2.26.so
7f672aa9e000-7f672ac9d000 ---p 0000b000 08:02 10487932                   /usr/lib/libnss_files-2.26.so
7f672ac9d000-7f672ac9e000 r--p 0000a000 08:02 10487932                   /usr/lib/libnss_files-2.26.so
7f672ac9e000-7f672ac9f000 rw-p 0000b000 08:02 10487932                   /usr/lib/libnss_files-2.26.so
7f672ac9f000-7f672aca5000 rw-p 00000000 00:00 0 
7f672aca5000-7f672acd3000 r-xp 00000000 08:02 11016661                   /usr/lib/jvm/java-8-openjdk/jre/lib/amd64/libjava.so
7f672acd3000-7f672aed2000 ---p 0002e000 08:02 11016661                   /usr/lib/jvm/java-8-openjdk/jre/lib/amd64/libjava.so
7f672aed2000-7f672aed3000 r--p 0002d000 08:02 11016661                   /usr/lib/jvm/java-8-openjdk/jre/lib/amd64/libjava.so
7f672aed3000-7f672aed5000 rw-p 0002e000 08:02 11016661                   /usr/lib/jvm/java-8-openjdk/jre/lib/amd64/libjava.so
7f672aed5000-7f672aee2000 r-xp 00000000 08:02 11016651                   /usr/lib/jvm/java-8-openjdk/jre/lib/amd64/libverify.so
7f672aee2000-7f672b0e1000 ---p 0000d000 08:02 11016651                   /usr/lib/jvm/java-8-openjdk/jre/lib/amd64/libverify.so
7f672b0e1000-7f672b0e3000 r--p 0000c000 08:02 11016651                   /usr/lib/jvm/java-8-openjdk/jre/lib/amd64/libverify.so
7f672b0e3000-7f672b0e4000 rw-p 0000e000 08:02 11016651                   /usr/lib/jvm/java-8-openjdk/jre/lib/amd64/libverify.so
7f672b0e4000-7f672b0eb000 r-xp 00000000 08:02 10487919                   /usr/lib/librt-2.26.so
7f672b0eb000-7f672b2ea000 ---p 00007000 08:02 10487919                   /usr/lib/librt-2.26.so
7f672b2ea000-7f672b2eb000 r--p 00006000 08:02 10487919                   /usr/lib/librt-2.26.so
7f672b2eb000-7f672b2ec000 rw-p 00007000 08:02 10487919                   /usr/lib/librt-2.26.so
7f672b2ec000-7f672b437000 r-xp 00000000 08:02 10487924                   /usr/lib/libm-2.26.so
7f672b437000-7f672b636000 ---p 0014b000 08:02 10487924                   /usr/lib/libm-2.26.so
7f672b636000-7f672b637000 r--p 0014a000 08:02 10487924                   /usr/lib/libm-2.26.so
7f672b637000-7f672b638000 rw-p 0014b000 08:02 10487924                   /usr/lib/libm-2.26.so
7f672b638000-7f672c2db000 r-xp 00000000 08:02 11016687                   /usr/lib/jvm/java-8-openjdk/jre/lib/amd64/server/libjvm.so
7f672c2db000-7f672c4db000 ---p 00ca3000 08:02 11016687                   /usr/lib/jvm/java-8-openjdk/jre/lib/amd64/server/libjvm.so
7f672c4db000-7f672c56f000 r--p 00ca3000 08:02 11016687                   /usr/lib/jvm/java-8-openjdk/jre/lib/amd64/server/libjvm.so
7f672c56f000-7f672c597000 rw-p 00d37000 08:02 11016687                   /usr/lib/jvm/java-8-openjdk/jre/lib/amd64/server/libjvm.so
7f672c597000-7f672c5c8000 rw-p 00000000 00:00 0 
7f672c5c8000-7f672c776000 r-xp 00000000 08:02 10487997                   /usr/lib/libc-2.26.so
7f672c776000-7f672c975000 ---p 001ae000 08:02 10487997                   /usr/lib/libc-2.26.so
7f672c975000-7f672c979000 r--p 001ad000 08:02 10487997                   /usr/lib/libc-2.26.so
7f672c979000-7f672c97b000 rw-p 001b1000 08:02 10487997                   /usr/lib/libc-2.26.so
7f672c97b000-7f672c97f000 rw-p 00000000 00:00 0 
7f672c97f000-7f672c982000 r-xp 00000000 08:02 10487927                   /usr/lib/libdl-2.26.so
7f672c982000-7f672cb81000 ---p 00003000 08:02 10487927                   /usr/lib/libdl-2.26.so
7f672cb81000-7f672cb82000 r--p 00002000 08:02 10487927                   /usr/lib/libdl-2.26.so
7f672cb82000-7f672cb83000 rw-p 00003000 08:02 10487927                   /usr/lib/libdl-2.26.so
7f672cb83000-7f672cb91000 r-xp 00000000 08:02 11016690                   /usr/lib/jvm/java-8-openjdk/jre/lib/amd64/jli/libjli.so
7f672cb91000-7f672cd90000 ---p 0000e000 08:02 11016690                   /usr/lib/jvm/java-8-openjdk/jre/lib/amd64/jli/libjli.so
7f672cd90000-7f672cd91000 r--p 0000d000 08:02 11016690                   /usr/lib/jvm/java-8-openjdk/jre/lib/amd64/jli/libjli.so
7f672cd91000-7f672cd92000 rw-p 0000e000 08:02 11016690                   /usr/lib/jvm/java-8-openjdk/jre/lib/amd64/jli/libjli.so
7f672cd92000-7f672cda8000 r-xp 00000000 08:02 10498341                   /usr/lib/libz.so.1.2.11
7f672cda8000-7f672cfa7000 ---p 00016000 08:02 10498341                   /usr/lib/libz.so.1.2.11
7f672cfa7000-7f672cfa8000 r--p 00015000 08:02 10498341                   /usr/lib/libz.so.1.2.11
7f672cfa8000-7f672cfa9000 rw-p 00016000 08:02 10498341                   /usr/lib/libz.so.1.2.11
7f672cfa9000-7f672cfc2000 r-xp 00000000 08:02 10488017                   /usr/lib/libpthread-2.26.so
7f672cfc2000-7f672d1c1000 ---p 00019000 08:02 10488017                   /usr/lib/libpthread-2.26.so
7f672d1c1000-7f672d1c2000 r--p 00018000 08:02 10488017                   /usr/lib/libpthread-2.26.so
7f672d1c2000-7f672d1c3000 rw-p 00019000 08:02 10488017                   /usr/lib/libpthread-2.26.so
7f672d1c3000-7f672d1c7000 rw-p 00000000 00:00 0 
7f672d1c7000-7f672d1ec000 r-xp 00000000 08:02 10487998                   /usr/lib/ld-2.26.so
7f672d2bc000-7f672d2bd000 ---p 00000000 00:00 0 
7f672d2bd000-7f672d2c0000 ---p 00000000 00:00 0 
7f672d2c0000-7f672d3c1000 rw-p 00000000 00:00 0 
7f672d3e1000-7f672d3e9000 rw-s 00000000 00:24 136852                     /tmp/hsperfdata_daniil/7131
7f672d3e9000-7f672d3ea000 rw-p 00000000 00:00 0 
7f672d3ea000-7f672d3eb000 r--p 00000000 00:00 0 
7f672d3eb000-7f672d3ec000 r--p 00024000 08:02 10487998                   /usr/lib/ld-2.26.so
7f672d3ec000-7f672d3ed000 rw-p 00025000 08:02 10487998                   /usr/lib/ld-2.26.so
7f672d3ed000-7f672d3ee000 rw-p 00000000 00:00 0 
7ffcbb79b000-7ffcbb7bc000 rw-p 00000000 00:00 0                          [stack]
7ffcbb7d3000-7ffcbb7d6000 r--p 00000000 00:00 0                          [vvar]
7ffcbb7d6000-7ffcbb7d8000 r-xp 00000000 00:00 0                          [vdso]
ffffffffff600000-ffffffffff601000 r-xp 00000000 00:00 0                  [vsyscall]

VM Arguments:
jvm_args: -Xms1024m -Xmx1024m -XX:ReservedCodeCacheSize=128m -XX:MaxMetaspaceSize=256m 
java_command: /usr/share/sbt/bin/sbt-launch.jar run
java_class_path (initial): /usr/share/sbt/bin/sbt-launch.jar
Launcher Type: SUN_STANDARD

Environment Variables:
PATH=/usr/local/sbin:/usr/local/bin:/usr/bin:/usr/lib/jvm/default/bin:/usr/bin/site_perl:/usr/bin/vendor_perl:/usr/bin/core_perl
SHELL=/bin/bash
DISPLAY=:1

Signal Handlers:
SIGSEGV: [libjvm.so+0xaa46c0], sa_mask[0]=11111111011111111101111111111110, sa_flags=SA_RESTART|SA_SIGINFO
SIGBUS: [libjvm.so+0xaa46c0], sa_mask[0]=11111111011111111101111111111110, sa_flags=SA_RESTART|SA_SIGINFO
SIGFPE: [libjvm.so+0x8dc3d0], sa_mask[0]=11111111011111111101111111111110, sa_flags=SA_RESTART|SA_SIGINFO
SIGPIPE: [libjvm.so+0x8dc3d0], sa_mask[0]=11111111011111111101111111111110, sa_flags=SA_RESTART|SA_SIGINFO
SIGXFSZ: [libjvm.so+0x8dc3d0], sa_mask[0]=11111111011111111101111111111110, sa_flags=SA_RESTART|SA_SIGINFO
SIGILL: [libjvm.so+0x8dc3d0], sa_mask[0]=11111111011111111101111111111110, sa_flags=SA_RESTART|SA_SIGINFO
SIGUSR1: SIG_DFL, sa_mask[0]=00000000000000000000000000000000, sa_flags=none
SIGUSR2: [libjvm.so+0x8dc280], sa_mask[0]=00000000000000000000000000000000, sa_flags=SA_RESTART|SA_SIGINFO
SIGHUP: SIG_DFL, sa_mask[0]=00000000000000000000000000000000, sa_flags=none
SIGINT: SIG_DFL, sa_mask[0]=00000000000000000000000000000000, sa_flags=none
SIGTERM: SIG_DFL, sa_mask[0]=00000000000000000000000000000000, sa_flags=none
SIGQUIT: SIG_DFL, sa_mask[0]=00000000000000000000000000000000, sa_flags=none


---------------  S Y S T E M  ---------------

OS:NAME="Arch Linux"
PRETTY_NAME="Arch Linux"
ID=arch
ID_LIKE=archlinux
ANSI_COLOR="0;36"
HOME_URL="https://www.archlinux.org/"
SUPPORT_URL="https://bbs.archlinux.org/"
BUG_REPORT_URL="https://bugs.archlinux.org/"

uname:Linux 4.14.17-1-lts #1 SMP Sat Feb 3 21:30:38 CET 2018 x86_64
libc:glibc 2.26 NPTL 2.26 
rlimit: STACK 8192k, CORE infinity, NPROC 30772, NOFILE 4096, AS infinity
load average:0.58 0.64 0.52

/proc/meminfo:
MemTotal:        7889632 kB
MemFree:          151152 kB
MemAvailable:      62272 kB
Buffers:            3656 kB
Cached:           330292 kB
SwapCached:         1068 kB
Active:          6181064 kB
Inactive:         895300 kB
Active(anon):    6145324 kB
Inactive(anon):   868804 kB
Active(file):      35740 kB
Inactive(file):    26496 kB
Unevictable:           0 kB
Mlocked:               0 kB
SwapTotal:       1577920 kB
SwapFree:         576088 kB
Dirty:               376 kB
Writeback:             0 kB
AnonPages:       6743028 kB
Mapped:           114920 kB
Shmem:            271260 kB
Slab:              69800 kB
SReclaimable:      29576 kB
SUnreclaim:        40224 kB
KernelStack:       18364 kB
PageTables:        33376 kB
NFS_Unstable:          0 kB
Bounce:                0 kB
WritebackTmp:          0 kB
CommitLimit:     5522736 kB
Committed_AS:   18641968 kB
VmallocTotal:   34359738367 kB
VmallocUsed:           0 kB
VmallocChunk:          0 kB
HardwareCorrupted:     0 kB
AnonHugePages:   2023424 kB
ShmemHugePages:        0 kB
ShmemPmdMapped:        0 kB
HugePages_Total:       0
HugePages_Free:        0
HugePages_Rsvd:        0
HugePages_Surp:        0
Hugepagesize:       2048 kB
DirectMap4k:      195196 kB
DirectMap2M:     7909376 kB


CPU:total 4 (initial active 4) (2 cores per cpu, 2 threads per core) family 6 model 58 stepping 9, cmov, cx8, fxsr, mmx, sse, sse2, sse3, ssse3, sse4.1, sse4.2, popcnt, avx, aes, clmul, erms, ht, tsc, tscinvbit, tscinv

/proc/cpuinfo:
processor	: 0
vendor_id	: GenuineIntel
cpu family	: 6
model		: 58
model name	: Intel(R) Core(TM) i5-3427U CPU @ 1.80GHz
stepping	: 9
microcode	: 0x13
cpu MHz		: 2653.216
cache size	: 3072 KB
physical id	: 0
siblings	: 4
core id		: 0
cpu cores	: 2
apicid		: 0
initial apicid	: 0
fpu		: yes
fpu_exception	: yes
cpuid level	: 13
wp		: yes
flags		: fpu vme de pse tsc msr pae mce cx8 apic sep mtrr pge mca cmov pat pse36 clflush dts acpi mmx fxsr sse sse2 ss ht tm pbe syscall nx rdtscp lm constant_tsc arch_perfmon pebs bts rep_good nopl xtopology nonstop_tsc cpuid aperfmperf pni pclmulqdq dtes64 monitor ds_cpl vmx smx est tm2 ssse3 cx16 xtpr pdcm pcid sse4_1 sse4_2 x2apic popcnt tsc_deadline_timer aes xsave avx f16c rdrand lahf_lm cpuid_fault epb pti retpoline tpr_shadow vnmi flexpriority ept vpid fsgsbase smep erms xsaveopt dtherm ida arat pln pts
bugs		: cpu_meltdown spectre_v1 spectre_v2
bogomips	: 4589.44
clflush size	: 64
cache_alignment	: 64
address sizes	: 36 bits physical, 48 bits virtual
power management:

processor	: 1
vendor_id	: GenuineIntel
cpu family	: 6
model		: 58
model name	: Intel(R) Core(TM) i5-3427U CPU @ 1.80GHz
stepping	: 9
microcode	: 0x13
cpu MHz		: 2620.221
cache size	: 3072 KB
physical id	: 0
siblings	: 4
core id		: 0
cpu cores	: 2
apicid		: 1
initial apicid	: 1
fpu		: yes
fpu_exception	: yes
cpuid level	: 13
wp		: yes
flags		: fpu vme de pse tsc msr pae mce cx8 apic sep mtrr pge mca cmov pat pse36 clflush dts acpi mmx fxsr sse sse2 ss ht tm pbe syscall nx rdtscp lm constant_tsc arch_perfmon pebs bts rep_good nopl xtopology nonstop_tsc cpuid aperfmperf pni pclmulqdq dtes64 monitor ds_cpl vmx smx est tm2 ssse3 cx16 xtpr pdcm pcid sse4_1 sse4_2 x2apic popcnt tsc_deadline_timer aes xsave avx f16c rdrand lahf_lm cpuid_fault epb pti retpoline tpr_shadow vnmi flexpriority ept vpid fsgsbase smep erms xsaveopt dtherm ida arat pln pts
bugs		: cpu_meltdown spectre_v1 spectre_v2
bogomips	: 4589.44
clflush size	: 64
cache_alignment	: 64
address sizes	: 36 bits physical, 48 bits virtual
power management:

processor	: 2
vendor_id	: GenuineIntel
cpu family	: 6
model		: 58
model name	: Intel(R) Core(TM) i5-3427U CPU @ 1.80GHz
stepping	: 9
microcode	: 0x13
cpu MHz		: 2594.057
cache size	: 3072 KB
physical id	: 0
siblings	: 4
core id		: 1
cpu cores	: 2
apicid		: 2
initial apicid	: 2
fpu		: yes
fpu_exception	: yes
cpuid level	: 13
wp		: yes
flags		: fpu vme de pse tsc msr pae mce cx8 apic sep mtrr pge mca cmov pat pse36 clflush dts acpi mmx fxsr sse sse2 ss ht tm pbe syscall nx rdtscp lm constant_tsc arch_perfmon pebs bts rep_good nopl xtopology nonstop_tsc cpuid aperfmperf pni pclmulqdq dtes64 monitor ds_cpl vmx smx est tm2 ssse3 cx16 xtpr pdcm pcid sse4_1 sse4_2 x2apic popcnt tsc_deadline_timer aes xsave avx f16c rdrand lahf_lm cpuid_fault epb pti retpoline tpr_shadow vnmi flexpriority ept vpid fsgsbase smep erms xsaveopt dtherm ida arat pln pts
bugs		: cpu_meltdown spectre_v1 spectre_v2
bogomips	: 4589.44
clflush size	: 64
cache_alignment	: 64
address sizes	: 36 bits physical, 48 bits virtual
power management:

processor	: 3
vendor_id	: GenuineIntel
cpu family	: 6
model		: 58
model name	: Intel(R) Core(TM) i5-3427U CPU @ 1.80GHz
stepping	: 9
microcode	: 0x13
cpu MHz		: 2594.053
cache size	: 3072 KB
physical id	: 0
siblings	: 4
core id		: 1
cpu cores	: 2
apicid		: 3
initial apicid	: 3
fpu		: yes
fpu_exception	: yes
cpuid level	: 13
wp		: yes
flags		: fpu vme de pse tsc msr pae mce cx8 apic sep mtrr pge mca cmov pat pse36 clflush dts acpi mmx fxsr sse sse2 ss ht tm pbe syscall nx rdtscp lm constant_tsc arch_perfmon pebs bts rep_good nopl xtopology nonstop_tsc cpuid aperfmperf pni pclmulqdq dtes64 monitor ds_cpl vmx smx est tm2 ssse3 cx16 xtpr pdcm pcid sse4_1 sse4_2 x2apic popcnt tsc_deadline_timer aes xsave avx f16c rdrand lahf_lm cpuid_fault epb pti retpoline tpr_shadow vnmi flexpriority ept vpid fsgsbase smep erms xsaveopt dtherm ida arat pln pts
bugs		: cpu_meltdown spectre_v1 spectre_v2
bogomips	: 4589.44
clflush size	: 64
cache_alignment	: 64
address sizes	: 36 bits physical, 48 bits virtual
power management:



Memory: 4k page, physical 7889632k(156264k free), swap 1577920k(565500k free)

vm_info: OpenJDK 64-Bit Server VM (25.144-b01) for linux-amd64 JRE (1.8.0_144-b01), built on Jul 28 2017 20:07:18 by "builduser" with gcc 7.1.1 20170630

time: Thu May 10 17:24:18 2018
elapsed time: 0 seconds (0d 0h 0m 0s)

