#
# There is insufficient memory for the Java Runtime Environment to continue.
# Native memory allocation (mmap) failed to map 357564416 bytes for committing reserved memory.
# Possible reasons:
#   The system is out of physical RAM or swap space
#   In 32 bit mode, the process size limit was hit
# Possible solutions:
#   Reduce memory load on the system
#   Increase physical memory or swap space
#   Check if swap backing store is full
#   Use 64 bit Java on a 64 bit OS
#   Decrease Java heap size (-Xmx/-Xms)
#   Decrease number of Java threads
#   Decrease Java thread stack sizes (-Xss)
#   Set larger code cache with -XX:ReservedCodeCacheSize=
# This output file may be truncated or incomplete.
#
#  Out of Memory Error (os_linux.cpp:2640), pid=16840, tid=0x00007fe14e281700
#
# JRE version:  (8.0_144-b01) (build )
# Java VM: OpenJDK 64-Bit Server VM (25.144-b01 mixed mode linux-amd64 compressed oops)
# Core dump written. Default location: /home/daniil/workspace/scala/c/core or core.16840
#

---------------  T H R E A D  ---------------

Current thread (0x00007fe148009800):  JavaThread "Unknown thread" [_thread_in_vm, id=16841, stack(0x00007fe14e182000,0x00007fe14e282000)]

Stack: [0x00007fe14e182000,0x00007fe14e282000],  sp=0x00007fe14e2805b0,  free space=1017k
Native frames: (J=compiled Java code, j=interpreted, Vv=VM code, C=native code)
V  [libjvm.so+0xaa3d82]
V  [libjvm.so+0x4d85e7]
V  [libjvm.so+0x8e0be0]
V  [libjvm.so+0x8db29e]
V  [libjvm.so+0x95af06]
V  [libjvm.so+0x95cf56]
V  [libjvm.so+0x2b4414]
V  [libjvm.so+0x908251]
V  [libjvm.so+0xa6640a]
V  [libjvm.so+0xa666f5]
V  [libjvm.so+0x623f6f]
V  [libjvm.so+0xa49d5b]
V  [libjvm.so+0x6a3020]  JNI_CreateJavaVM+0x60
C  [libjli.so+0x2c53]
C  [libpthread.so.0+0x708c]  start_thread+0xdc


---------------  P R O C E S S  ---------------

Java Threads: ( => current thread )

Other Threads:

=>0x00007fe148009800 (exited) JavaThread "Unknown thread" [_thread_in_vm, id=16841, stack(0x00007fe14e182000,0x00007fe14e282000)]

VM state:not at safepoint (not fully initialized)

VM Mutex/Monitor currently owned by a thread: None

GC Heap History (0 events):
No events

Deoptimization events (0 events):
No events

Internal exceptions (0 events):
No events

Events (0 events):
No events


Dynamic libraries:
c0000000-eab00000 ---p 00000000 00:00 0 
56512ac0c000-56512ac0d000 r-xp 00000000 08:02 10622554                   /usr/lib/jvm/java-8-openjdk/jre/bin/java
56512ae0c000-56512ae0d000 r--p 00000000 08:02 10622554                   /usr/lib/jvm/java-8-openjdk/jre/bin/java
56512ae0d000-56512ae0e000 rw-p 00001000 08:02 10622554                   /usr/lib/jvm/java-8-openjdk/jre/bin/java
56512b602000-56512b623000 rw-p 00000000 00:00 0                          [heap]
7fe13f19d000-7fe13f39d000 ---p 00000000 00:00 0 
7fe13f39d000-7fe13f3a8000 rw-p 00000000 00:00 0 
7fe13f3a8000-7fe13f59e000 ---p 00000000 00:00 0 
7fe13f59e000-7fe13f80e000 rwxp 00000000 00:00 0 
7fe13f80e000-7fe14759e000 ---p 00000000 00:00 0 
7fe14759e000-7fe1475a6000 r-xp 00000000 08:02 11016681                   /usr/lib/jvm/java-8-openjdk/jre/lib/amd64/libzip.so
7fe1475a6000-7fe1477a5000 ---p 00008000 08:02 11016681                   /usr/lib/jvm/java-8-openjdk/jre/lib/amd64/libzip.so
7fe1477a5000-7fe1477a6000 r--p 00007000 08:02 11016681                   /usr/lib/jvm/java-8-openjdk/jre/lib/amd64/libzip.so
7fe1477a6000-7fe1477a7000 rw-p 00008000 08:02 11016681                   /usr/lib/jvm/java-8-openjdk/jre/lib/amd64/libzip.so
7fe1477a7000-7fe1477b2000 r-xp 00000000 08:02 10487932                   /usr/lib/libnss_files-2.26.so
7fe1477b2000-7fe1479b1000 ---p 0000b000 08:02 10487932                   /usr/lib/libnss_files-2.26.so
7fe1479b1000-7fe1479b2000 r--p 0000a000 08:02 10487932                   /usr/lib/libnss_files-2.26.so
7fe1479b2000-7fe1479b3000 rw-p 0000b000 08:02 10487932                   /usr/lib/libnss_files-2.26.so
7fe1479b3000-7fe1479b9000 rw-p 00000000 00:00 0 
7fe1479b9000-7fe1479e7000 r-xp 00000000 08:02 11016661                   /usr/lib/jvm/java-8-openjdk/jre/lib/amd64/libjava.so
7fe1479e7000-7fe147be6000 ---p 0002e000 08:02 11016661                   /usr/lib/jvm/java-8-openjdk/jre/lib/amd64/libjava.so
7fe147be6000-7fe147be7000 r--p 0002d000 08:02 11016661                   /usr/lib/jvm/java-8-openjdk/jre/lib/amd64/libjava.so
7fe147be7000-7fe147be9000 rw-p 0002e000 08:02 11016661                   /usr/lib/jvm/java-8-openjdk/jre/lib/amd64/libjava.so
7fe147be9000-7fe147bf6000 r-xp 00000000 08:02 11016651                   /usr/lib/jvm/java-8-openjdk/jre/lib/amd64/libverify.so
7fe147bf6000-7fe147df5000 ---p 0000d000 08:02 11016651                   /usr/lib/jvm/java-8-openjdk/jre/lib/amd64/libverify.so
7fe147df5000-7fe147df7000 r--p 0000c000 08:02 11016651                   /usr/lib/jvm/java-8-openjdk/jre/lib/amd64/libverify.so
7fe147df7000-7fe147df8000 rw-p 0000e000 08:02 11016651                   /usr/lib/jvm/java-8-openjdk/jre/lib/amd64/libverify.so
7fe147df8000-7fe147dff000 r-xp 00000000 08:02 10487919                   /usr/lib/librt-2.26.so
7fe147dff000-7fe147ffe000 ---p 00007000 08:02 10487919                   /usr/lib/librt-2.26.so
7fe147ffe000-7fe147fff000 r--p 00006000 08:02 10487919                   /usr/lib/librt-2.26.so
7fe147fff000-7fe148000000 rw-p 00007000 08:02 10487919                   /usr/lib/librt-2.26.so
7fe148000000-7fe148031000 rw-p 00000000 00:00 0 
7fe148031000-7fe14c000000 ---p 00000000 00:00 0 
7fe14c1b0000-7fe14c2fb000 r-xp 00000000 08:02 10487924                   /usr/lib/libm-2.26.so
7fe14c2fb000-7fe14c4fa000 ---p 0014b000 08:02 10487924                   /usr/lib/libm-2.26.so
7fe14c4fa000-7fe14c4fb000 r--p 0014a000 08:02 10487924                   /usr/lib/libm-2.26.so
7fe14c4fb000-7fe14c4fc000 rw-p 0014b000 08:02 10487924                   /usr/lib/libm-2.26.so
7fe14c4fc000-7fe14d19f000 r-xp 00000000 08:02 11016687                   /usr/lib/jvm/java-8-openjdk/jre/lib/amd64/server/libjvm.so
7fe14d19f000-7fe14d39f000 ---p 00ca3000 08:02 11016687                   /usr/lib/jvm/java-8-openjdk/jre/lib/amd64/server/libjvm.so
7fe14d39f000-7fe14d433000 r--p 00ca3000 08:02 11016687                   /usr/lib/jvm/java-8-openjdk/jre/lib/amd64/server/libjvm.so
7fe14d433000-7fe14d45b000 rw-p 00d37000 08:02 11016687                   /usr/lib/jvm/java-8-openjdk/jre/lib/amd64/server/libjvm.so
7fe14d45b000-7fe14d48c000 rw-p 00000000 00:00 0 
7fe14d48c000-7fe14d63a000 r-xp 00000000 08:02 10487997                   /usr/lib/libc-2.26.so
7fe14d63a000-7fe14d839000 ---p 001ae000 08:02 10487997                   /usr/lib/libc-2.26.so
7fe14d839000-7fe14d83d000 r--p 001ad000 08:02 10487997                   /usr/lib/libc-2.26.so
7fe14d83d000-7fe14d83f000 rw-p 001b1000 08:02 10487997                   /usr/lib/libc-2.26.so
7fe14d83f000-7fe14d843000 rw-p 00000000 00:00 0 
7fe14d843000-7fe14d846000 r-xp 00000000 08:02 10487927                   /usr/lib/libdl-2.26.so
7fe14d846000-7fe14da45000 ---p 00003000 08:02 10487927                   /usr/lib/libdl-2.26.so
7fe14da45000-7fe14da46000 r--p 00002000 08:02 10487927                   /usr/lib/libdl-2.26.so
7fe14da46000-7fe14da47000 rw-p 00003000 08:02 10487927                   /usr/lib/libdl-2.26.so
7fe14da47000-7fe14da55000 r-xp 00000000 08:02 11016690                   /usr/lib/jvm/java-8-openjdk/jre/lib/amd64/jli/libjli.so
7fe14da55000-7fe14dc54000 ---p 0000e000 08:02 11016690                   /usr/lib/jvm/java-8-openjdk/jre/lib/amd64/jli/libjli.so
7fe14dc54000-7fe14dc55000 r--p 0000d000 08:02 11016690                   /usr/lib/jvm/java-8-openjdk/jre/lib/amd64/jli/libjli.so
7fe14dc55000-7fe14dc56000 rw-p 0000e000 08:02 11016690                   /usr/lib/jvm/java-8-openjdk/jre/lib/amd64/jli/libjli.so
7fe14dc56000-7fe14dc6c000 r-xp 00000000 08:02 10498341                   /usr/lib/libz.so.1.2.11
7fe14dc6c000-7fe14de6b000 ---p 00016000 08:02 10498341                   /usr/lib/libz.so.1.2.11
7fe14de6b000-7fe14de6c000 r--p 00015000 08:02 10498341                   /usr/lib/libz.so.1.2.11
7fe14de6c000-7fe14de6d000 rw-p 00016000 08:02 10498341                   /usr/lib/libz.so.1.2.11
7fe14de6d000-7fe14de86000 r-xp 00000000 08:02 10488017                   /usr/lib/libpthread-2.26.so
7fe14de86000-7fe14e085000 ---p 00019000 08:02 10488017                   /usr/lib/libpthread-2.26.so
7fe14e085000-7fe14e086000 r--p 00018000 08:02 10488017                   /usr/lib/libpthread-2.26.so
7fe14e086000-7fe14e087000 rw-p 00019000 08:02 10488017                   /usr/lib/libpthread-2.26.so
7fe14e087000-7fe14e08b000 rw-p 00000000 00:00 0 
7fe14e08b000-7fe14e0b0000 r-xp 00000000 08:02 10487998                   /usr/lib/ld-2.26.so
7fe14e181000-7fe14e182000 ---p 00000000 00:00 0 
7fe14e182000-7fe14e185000 ---p 00000000 00:00 0 
7fe14e185000-7fe14e286000 rw-p 00000000 00:00 0 
7fe14e2a5000-7fe14e2ad000 rw-s 00000000 00:24 302182                     /tmp/hsperfdata_daniil/16840
7fe14e2ad000-7fe14e2ae000 rw-p 00000000 00:00 0 
7fe14e2ae000-7fe14e2af000 r--p 00000000 00:00 0 
7fe14e2af000-7fe14e2b0000 r--p 00024000 08:02 10487998                   /usr/lib/ld-2.26.so
7fe14e2b0000-7fe14e2b1000 rw-p 00025000 08:02 10487998                   /usr/lib/ld-2.26.so
7fe14e2b1000-7fe14e2b2000 rw-p 00000000 00:00 0 
7ffe3d086000-7ffe3d0a7000 rw-p 00000000 00:00 0                          [stack]
7ffe3d1c4000-7ffe3d1c7000 r--p 00000000 00:00 0                          [vvar]
7ffe3d1c7000-7ffe3d1c9000 r-xp 00000000 00:00 0                          [vdso]
ffffffffff600000-ffffffffff601000 r-xp 00000000 00:00 0                  [vsyscall]

VM Arguments:
jvm_args: -Xms1024m -Xmx1024m -XX:ReservedCodeCacheSize=128m -XX:MaxMetaspaceSize=256m 
java_command: /usr/share/sbt/bin/sbt-launch.jar run
java_class_path (initial): /usr/share/sbt/bin/sbt-launch.jar
Launcher Type: SUN_STANDARD

Environment Variables:
PATH=/usr/local/sbin:/usr/local/bin:/usr/bin:/usr/lib/jvm/default/bin:/usr/bin/site_perl:/usr/bin/vendor_perl:/usr/bin/core_perl
SHELL=/bin/bash
DISPLAY=:1

Signal Handlers:
SIGSEGV: [libjvm.so+0xaa46c0], sa_mask[0]=11111111011111111101111111111110, sa_flags=SA_RESTART|SA_SIGINFO
SIGBUS: [libjvm.so+0xaa46c0], sa_mask[0]=11111111011111111101111111111110, sa_flags=SA_RESTART|SA_SIGINFO
SIGFPE: [libjvm.so+0x8dc3d0], sa_mask[0]=11111111011111111101111111111110, sa_flags=SA_RESTART|SA_SIGINFO
SIGPIPE: [libjvm.so+0x8dc3d0], sa_mask[0]=11111111011111111101111111111110, sa_flags=SA_RESTART|SA_SIGINFO
SIGXFSZ: [libjvm.so+0x8dc3d0], sa_mask[0]=11111111011111111101111111111110, sa_flags=SA_RESTART|SA_SIGINFO
SIGILL: [libjvm.so+0x8dc3d0], sa_mask[0]=11111111011111111101111111111110, sa_flags=SA_RESTART|SA_SIGINFO
SIGUSR1: SIG_DFL, sa_mask[0]=00000000000000000000000000000000, sa_flags=none
SIGUSR2: [libjvm.so+0x8dc280], sa_mask[0]=00000000000000000000000000000000, sa_flags=SA_RESTART|SA_SIGINFO
SIGHUP: SIG_DFL, sa_mask[0]=00000000000000000000000000000000, sa_flags=none
SIGINT: SIG_DFL, sa_mask[0]=00000000000000000000000000000000, sa_flags=none
SIGTERM: SIG_DFL, sa_mask[0]=00000000000000000000000000000000, sa_flags=none
SIGQUIT: SIG_DFL, sa_mask[0]=00000000000000000000000000000000, sa_flags=none


---------------  S Y S T E M  ---------------

OS:NAME="Arch Linux"
PRETTY_NAME="Arch Linux"
ID=arch
ID_LIKE=archlinux
ANSI_COLOR="0;36"
HOME_URL="https://www.archlinux.org/"
SUPPORT_URL="https://bbs.archlinux.org/"
BUG_REPORT_URL="https://bugs.archlinux.org/"

uname:Linux 4.14.17-1-lts #1 SMP Sat Feb 3 21:30:38 CET 2018 x86_64
libc:glibc 2.26 NPTL 2.26 
rlimit: STACK 8192k, CORE infinity, NPROC 30772, NOFILE 4096, AS infinity
load average:0.53 0.83 0.99

/proc/meminfo:
MemTotal:        7889628 kB
MemFree:          156636 kB
MemAvailable:     163788 kB
Buffers:           13820 kB
Cached:           430540 kB
SwapCached:         2088 kB
Active:          5864620 kB
Inactive:         844332 kB
Active(anon):    5768280 kB
Inactive(anon):   729776 kB
Active(file):      96340 kB
Inactive(file):   114556 kB
Unevictable:           0 kB
Mlocked:               0 kB
SwapTotal:       1577920 kB
SwapFree:           4004 kB
Dirty:               348 kB
Writeback:             0 kB
AnonPages:       6262796 kB
Mapped:           179584 kB
Shmem:            242068 kB
Slab:              78640 kB
SReclaimable:      31032 kB
SUnreclaim:        47608 kB
KernelStack:       20568 kB
PageTables:        62184 kB
NFS_Unstable:          0 kB
Bounce:                0 kB
WritebackTmp:          0 kB
CommitLimit:     5522732 kB
Committed_AS:   20279104 kB
VmallocTotal:   34359738367 kB
VmallocUsed:           0 kB
VmallocChunk:          0 kB
HardwareCorrupted:     0 kB
AnonHugePages:   1431552 kB
ShmemHugePages:        0 kB
ShmemPmdMapped:        0 kB
HugePages_Total:       0
HugePages_Free:        0
HugePages_Rsvd:        0
HugePages_Surp:        0
Hugepagesize:       2048 kB
DirectMap4k:      209532 kB
DirectMap2M:     7895040 kB


CPU:total 4 (initial active 4) (2 cores per cpu, 2 threads per core) family 6 model 58 stepping 9, cmov, cx8, fxsr, mmx, sse, sse2, sse3, ssse3, sse4.1, sse4.2, popcnt, avx, aes, clmul, erms, ht, tsc, tscinvbit, tscinv

/proc/cpuinfo:
processor	: 0
vendor_id	: GenuineIntel
cpu family	: 6
model		: 58
model name	: Intel(R) Core(TM) i5-3427U CPU @ 1.80GHz
stepping	: 9
microcode	: 0x13
cpu MHz		: 1422.251
cache size	: 3072 KB
physical id	: 0
siblings	: 4
core id		: 0
cpu cores	: 2
apicid		: 0
initial apicid	: 0
fpu		: yes
fpu_exception	: yes
cpuid level	: 13
wp		: yes
flags		: fpu vme de pse tsc msr pae mce cx8 apic sep mtrr pge mca cmov pat pse36 clflush dts acpi mmx fxsr sse sse2 ss ht tm pbe syscall nx rdtscp lm constant_tsc arch_perfmon pebs bts rep_good nopl xtopology nonstop_tsc cpuid aperfmperf pni pclmulqdq dtes64 monitor ds_cpl vmx smx est tm2 ssse3 cx16 xtpr pdcm pcid sse4_1 sse4_2 x2apic popcnt tsc_deadline_timer aes xsave avx f16c rdrand lahf_lm cpuid_fault epb pti retpoline tpr_shadow vnmi flexpriority ept vpid fsgsbase smep erms xsaveopt dtherm ida arat pln pts
bugs		: cpu_meltdown spectre_v1 spectre_v2
bogomips	: 4589.63
clflush size	: 64
cache_alignment	: 64
address sizes	: 36 bits physical, 48 bits virtual
power management:

processor	: 1
vendor_id	: GenuineIntel
cpu family	: 6
model		: 58
model name	: Intel(R) Core(TM) i5-3427U CPU @ 1.80GHz
stepping	: 9
microcode	: 0x13
cpu MHz		: 2118.832
cache size	: 3072 KB
physical id	: 0
siblings	: 4
core id		: 0
cpu cores	: 2
apicid		: 1
initial apicid	: 1
fpu		: yes
fpu_exception	: yes
cpuid level	: 13
wp		: yes
flags		: fpu vme de pse tsc msr pae mce cx8 apic sep mtrr pge mca cmov pat pse36 clflush dts acpi mmx fxsr sse sse2 ss ht tm pbe syscall nx rdtscp lm constant_tsc arch_perfmon pebs bts rep_good nopl xtopology nonstop_tsc cpuid aperfmperf pni pclmulqdq dtes64 monitor ds_cpl vmx smx est tm2 ssse3 cx16 xtpr pdcm pcid sse4_1 sse4_2 x2apic popcnt tsc_deadline_timer aes xsave avx f16c rdrand lahf_lm cpuid_fault epb pti retpoline tpr_shadow vnmi flexpriority ept vpid fsgsbase smep erms xsaveopt dtherm ida arat pln pts
bugs		: cpu_meltdown spectre_v1 spectre_v2
bogomips	: 4589.63
clflush size	: 64
cache_alignment	: 64
address sizes	: 36 bits physical, 48 bits virtual
power management:

processor	: 2
vendor_id	: GenuineIntel
cpu family	: 6
model		: 58
model name	: Intel(R) Core(TM) i5-3427U CPU @ 1.80GHz
stepping	: 9
microcode	: 0x13
cpu MHz		: 1100.091
cache size	: 3072 KB
physical id	: 0
siblings	: 4
core id		: 1
cpu cores	: 2
apicid		: 2
initial apicid	: 2
fpu		: yes
fpu_exception	: yes
cpuid level	: 13
wp		: yes
flags		: fpu vme de pse tsc msr pae mce cx8 apic sep mtrr pge mca cmov pat pse36 clflush dts acpi mmx fxsr sse sse2 ss ht tm pbe syscall nx rdtscp lm constant_tsc arch_perfmon pebs bts rep_good nopl xtopology nonstop_tsc cpuid aperfmperf pni pclmulqdq dtes64 monitor ds_cpl vmx smx est tm2 ssse3 cx16 xtpr pdcm pcid sse4_1 sse4_2 x2apic popcnt tsc_deadline_timer aes xsave avx f16c rdrand lahf_lm cpuid_fault epb pti retpoline tpr_shadow vnmi flexpriority ept vpid fsgsbase smep erms xsaveopt dtherm ida arat pln pts
bugs		: cpu_meltdown spectre_v1 spectre_v2
bogomips	: 4589.63
clflush size	: 64
cache_alignment	: 64
address sizes	: 36 bits physical, 48 bits virtual
power management:

processor	: 3
vendor_id	: GenuineIntel
cpu family	: 6
model		: 58
model name	: Intel(R) Core(TM) i5-3427U CPU @ 1.80GHz
stepping	: 9
microcode	: 0x13
cpu MHz		: 1132.127
cache size	: 3072 KB
physical id	: 0
siblings	: 4
core id		: 1
cpu cores	: 2
apicid		: 3
initial apicid	: 3
fpu		: yes
fpu_exception	: yes
cpuid level	: 13
wp		: yes
flags		: fpu vme de pse tsc msr pae mce cx8 apic sep mtrr pge mca cmov pat pse36 clflush dts acpi mmx fxsr sse sse2 ss ht tm pbe syscall nx rdtscp lm constant_tsc arch_perfmon pebs bts rep_good nopl xtopology nonstop_tsc cpuid aperfmperf pni pclmulqdq dtes64 monitor ds_cpl vmx smx est tm2 ssse3 cx16 xtpr pdcm pcid sse4_1 sse4_2 x2apic popcnt tsc_deadline_timer aes xsave avx f16c rdrand lahf_lm cpuid_fault epb pti retpoline tpr_shadow vnmi flexpriority ept vpid fsgsbase smep erms xsaveopt dtherm ida arat pln pts
bugs		: cpu_meltdown spectre_v1 spectre_v2
bogomips	: 4589.63
clflush size	: 64
cache_alignment	: 64
address sizes	: 36 bits physical, 48 bits virtual
power management:



Memory: 4k page, physical 7889628k(156636k free), swap 1577920k(4004k free)

vm_info: OpenJDK 64-Bit Server VM (25.144-b01) for linux-amd64 JRE (1.8.0_144-b01), built on Jul 28 2017 20:07:18 by "builduser" with gcc 7.1.1 20170630

time: Mon May  7 12:18:32 2018
elapsed time: 0 seconds (0d 0h 0m 0s)

